This is pdfTeX, Version 3.14159265-2.6-1.40.18 (TeX Live 2017/Debian) (preloaded format=pdflatex 2019.8.9)  27 SEP 2019 12:46
entering extended mode
 restricted \write18 enabled.
 %&-line parsing enabled.
**main.tex
(./main.tex
LaTeX2e <2017-04-15>
Babel <3.18> and hyphenation patterns for 5 language(s) loaded.
(./frontmatter/preamble.tex
(/usr/share/texlive/texmf-dist/tex/latex/base/article.cls
Document Class: article 2014/09/29 v1.4h Standard LaTeX document class
(/usr/share/texlive/texmf-dist/tex/latex/base/size12.clo
File: size12.clo 2014/09/29 v1.4h Standard LaTeX file (size option)
)
\c@part=\count79
\c@section=\count80
\c@subsection=\count81
\c@subsubsection=\count82
\c@paragraph=\count83
\c@subparagraph=\count84
\c@figure=\count85
\c@table=\count86
\abovecaptionskip=\skip41
\belowcaptionskip=\skip42
\bibindent=\dimen102
)
(/usr/share/texlive/texmf-dist/tex/latex/setspace/setspace.sty
Package: setspace 2011/12/19 v6.7a set line spacing
)
(/usr/share/texlive/texmf-dist/tex/latex/preprint/fullpage.sty
Package: fullpage 1999/02/23 1.1 (PWD)
\FP@margin=\skip43
)
(/usr/share/texlive/texmf-dist/tex/latex/graphics/graphicx.sty
Package: graphicx 2017/06/01 v1.1a Enhanced LaTeX Graphics (DPC,SPQR)

(/usr/share/texlive/texmf-dist/tex/latex/graphics/keyval.sty
Package: keyval 2014/10/28 v1.15 key=value parser (DPC)
\KV@toks@=\toks14
)
(/usr/share/texlive/texmf-dist/tex/latex/graphics/graphics.sty
Package: graphics 2017/06/25 v1.2c Standard LaTeX Graphics (DPC,SPQR)

(/usr/share/texlive/texmf-dist/tex/latex/graphics/trig.sty
Package: trig 2016/01/03 v1.10 sin cos tan (DPC)
)
(/usr/share/texlive/texmf-dist/tex/latex/graphics-cfg/graphics.cfg
File: graphics.cfg 2016/06/04 v1.11 sample graphics configuration
)
Package graphics Info: Driver file: pdftex.def on input line 99.

(/usr/share/texlive/texmf-dist/tex/latex/graphics-def/pdftex.def
File: pdftex.def 2018/01/08 v1.0l Graphics/color driver for pdftex
))
\Gin@req@height=\dimen103
\Gin@req@width=\dimen104
)
(/usr/share/texlive/texmf-dist/tex/latex/xcolor/xcolor.sty
Package: xcolor 2016/05/11 v2.12 LaTeX color extensions (UK)

(/usr/share/texlive/texmf-dist/tex/latex/graphics-cfg/color.cfg
File: color.cfg 2016/01/02 v1.6 sample color configuration
)
Package xcolor Info: Driver file: pdftex.def on input line 225.
Package xcolor Info: Model `cmy' substituted by `cmy0' on input line 1348.
Package xcolor Info: Model `hsb' substituted by `rgb' on input line 1352.
Package xcolor Info: Model `RGB' extended on input line 1364.
Package xcolor Info: Model `HTML' substituted by `rgb' on input line 1366.
Package xcolor Info: Model `Hsb' substituted by `hsb' on input line 1367.
Package xcolor Info: Model `tHsb' substituted by `hsb' on input line 1368.
Package xcolor Info: Model `HSB' substituted by `hsb' on input line 1369.
Package xcolor Info: Model `Gray' substituted by `gray' on input line 1370.
Package xcolor Info: Model `wave' substituted by `hsb' on input line 1371.
)
(/usr/share/texlive/texmf-dist/tex/latex/colortbl/colortbl.sty
Package: colortbl 2012/02/13 v1.0a Color table columns (DPC)

(/usr/share/texlive/texmf-dist/tex/latex/tools/array.sty
Package: array 2016/10/06 v2.4d Tabular extension package (FMi)
\col@sep=\dimen105
\extrarowheight=\dimen106
\NC@list=\toks15
\extratabsurround=\skip44
\backup@length=\skip45
)
\everycr=\toks16
\minrowclearance=\skip46
)
(/usr/share/texlive/texmf-dist/tex/latex/enumitem/enumitem.sty
Package: enumitem 2011/09/28 v3.5.2 Customized lists
\labelindent=\skip47
\enit@outerparindent=\dimen107
\enit@toks=\toks17
\enit@inbox=\box26
\enitdp@description=\count87
)
(/usr/share/texlive/texmf-dist/tex/latex/mathtools/mathtools.sty
Package: mathtools 2018/01/08 v1.21 mathematical typesetting tools

(/usr/share/texlive/texmf-dist/tex/latex/tools/calc.sty
Package: calc 2014/10/28 v4.3 Infix arithmetic (KKT,FJ)
\calc@Acount=\count88
\calc@Bcount=\count89
\calc@Adimen=\dimen108
\calc@Bdimen=\dimen109
\calc@Askip=\skip48
\calc@Bskip=\skip49
LaTeX Info: Redefining \setlength on input line 80.
LaTeX Info: Redefining \addtolength on input line 81.
\calc@Ccount=\count90
\calc@Cskip=\skip50
)
(/usr/share/texlive/texmf-dist/tex/latex/mathtools/mhsetup.sty
Package: mhsetup 2017/03/31 v1.3 programming setup (MH)
)
(/usr/share/texlive/texmf-dist/tex/latex/amsmath/amsmath.sty
Package: amsmath 2017/09/02 v2.17a AMS math features
\@mathmargin=\skip51

For additional information on amsmath, use the `?' option.
(/usr/share/texlive/texmf-dist/tex/latex/amsmath/amstext.sty
Package: amstext 2000/06/29 v2.01 AMS text

(/usr/share/texlive/texmf-dist/tex/latex/amsmath/amsgen.sty
File: amsgen.sty 1999/11/30 v2.0 generic functions
\@emptytoks=\toks18
\ex@=\dimen110
))
(/usr/share/texlive/texmf-dist/tex/latex/amsmath/amsbsy.sty
Package: amsbsy 1999/11/29 v1.2d Bold Symbols
\pmbraise@=\dimen111
)
(/usr/share/texlive/texmf-dist/tex/latex/amsmath/amsopn.sty
Package: amsopn 2016/03/08 v2.02 operator names
)
\inf@bad=\count91
LaTeX Info: Redefining \frac on input line 213.
\uproot@=\count92
\leftroot@=\count93
LaTeX Info: Redefining \overline on input line 375.
\classnum@=\count94
\DOTSCASE@=\count95
LaTeX Info: Redefining \ldots on input line 472.
LaTeX Info: Redefining \dots on input line 475.
LaTeX Info: Redefining \cdots on input line 596.
\Mathstrutbox@=\box27
\strutbox@=\box28
\big@size=\dimen112
LaTeX Font Info:    Redeclaring font encoding OML on input line 712.
LaTeX Font Info:    Redeclaring font encoding OMS on input line 713.
\macc@depth=\count96
\c@MaxMatrixCols=\count97
\dotsspace@=\muskip10
\c@parentequation=\count98
\dspbrk@lvl=\count99
\tag@help=\toks19
\row@=\count100
\column@=\count101
\maxfields@=\count102
\andhelp@=\toks20
\eqnshift@=\dimen113
\alignsep@=\dimen114
\tagshift@=\dimen115
\tagwidth@=\dimen116
\totwidth@=\dimen117
\lineht@=\dimen118
\@envbody=\toks21
\multlinegap=\skip52
\multlinetaggap=\skip53
\mathdisplay@stack=\toks22
LaTeX Info: Redefining \[ on input line 2817.
LaTeX Info: Redefining \] on input line 2818.
)
LaTeX Info: Thecontrolsequence`\('isalreadyrobust on input line 129.
LaTeX Info: Thecontrolsequence`\)'isalreadyrobust on input line 129.
LaTeX Info: Thecontrolsequence`\['isalreadyrobust on input line 129.
LaTeX Info: Thecontrolsequence`\]'isalreadyrobust on input line 129.
\g_MT_multlinerow_int=\count103
\l_MT_multwidth_dim=\dimen119
\origjot=\skip54
\l_MT_shortvdotswithinadjustabove_dim=\dimen120
\l_MT_shortvdotswithinadjustbelow_dim=\dimen121
\l_MT_above_intertext_sep=\dimen122
\l_MT_below_intertext_sep=\dimen123
\l_MT_above_shortintertext_sep=\dimen124
\l_MT_below_shortintertext_sep=\dimen125
)
(/usr/share/texlive/texmf-dist/tex/latex/placeins/placeins.sty
Package: placeins 2005/04/18  v 2.2
)
(/usr/share/texlive/texmf-dist/tex/latex/caption/caption.sty
Package: caption 2016/02/21 v3.3-144 Customizing captions (AR)

(/usr/share/texlive/texmf-dist/tex/latex/caption/caption3.sty
Package: caption3 2016/05/22 v1.7-166 caption3 kernel (AR)
Package caption3 Info: TeX engine: e-TeX on input line 67.
\captionmargin=\dimen126
\captionmargin@=\dimen127
\captionwidth=\dimen128
\caption@tempdima=\dimen129
\caption@indent=\dimen130
\caption@parindent=\dimen131
\caption@hangindent=\dimen132
)
\c@ContinuedFloat=\count104
)
(/usr/share/texlive/texmf-dist/tex/latex/subfigure/subfigure.sty
Package: subfigure 2002/03/15 v2.1.5 subfigure package
\subfigtopskip=\skip55
\subfigcapskip=\skip56
\subfigcaptopadj=\dimen133
\subfigbottomskip=\skip57
\subfigcapmargin=\dimen134
\subfiglabelskip=\skip58
\c@subfigure=\count105
\c@lofdepth=\count106
\c@subtable=\count107
\c@lotdepth=\count108

****************************************
* Local config file subfigure.cfg used *
****************************************
(/usr/share/texlive/texmf-dist/tex/latex/subfigure/subfigure.cfg)
\subfig@top=\skip59
\subfig@bottom=\skip60
)
(/usr/share/texlive/texmf-dist/tex/latex/multirow/multirow.sty
Package: multirow 2016/11/25 v2.2 Span multiple rows of a table
\multirow@colwidth=\skip61
\multirow@cntb=\count109
\multirow@dima=\skip62
\bigstrutjot=\dimen135
)
(/usr/share/texlive/texmf-dist/tex/latex/units/units.sty
Package: units 1998/08/04 v0.9b Typesetting units

(/usr/share/texlive/texmf-dist/tex/latex/base/ifthen.sty
Package: ifthen 2014/09/29 v1.1c Standard LaTeX ifthen package (DPC)
)
(/usr/share/texlive/texmf-dist/tex/latex/units/nicefrac.sty
Package: nicefrac 1998/08/04 v0.9b Nice fractions
\L@UnitsRaiseDisplaystyle=\skip63
\L@UnitsRaiseTextstyle=\skip64
\L@UnitsRaiseScriptstyle=\skip65
))
(/usr/share/texlive/texmf-dist/tex/latex/l3packages/xfrac/xfrac.sty
(/usr/share/texlive/texmf-dist/tex/latex/l3kernel/expl3.sty
Package: expl3 2018/02/21 L3 programming layer (loader) 

(/usr/share/texlive/texmf-dist/tex/latex/l3kernel/expl3-code.tex
Package: expl3 2018/02/21 L3 programming layer (code)
\c_max_int=\count110
\l_tmpa_int=\count111
\l_tmpb_int=\count112
\g_tmpa_int=\count113
\g_tmpb_int=\count114
\g__intarray_font_int=\count115
\g__prg_map_int=\count116
\c_log_iow=\count117
\l_iow_line_count_int=\count118
\l__iow_line_target_int=\count119
\l__iow_one_indent_int=\count120
\l__iow_indent_int=\count121
\c_zero_dim=\dimen136
\c_max_dim=\dimen137
\l_tmpa_dim=\dimen138
\l_tmpb_dim=\dimen139
\g_tmpa_dim=\dimen140
\g_tmpb_dim=\dimen141
\c_zero_skip=\skip66
\c_max_skip=\skip67
\l_tmpa_skip=\skip68
\l_tmpb_skip=\skip69
\g_tmpa_skip=\skip70
\g_tmpb_skip=\skip71
\c_zero_muskip=\muskip11
\c_max_muskip=\muskip12
\l_tmpa_muskip=\muskip13
\l_tmpb_muskip=\muskip14
\g_tmpa_muskip=\muskip15
\g_tmpb_muskip=\muskip16
\l_keys_choice_int=\count122
\c__fp_leading_shift_int=\count123
\c__fp_middle_shift_int=\count124
\c__fp_trailing_shift_int=\count125
\c__fp_big_leading_shift_int=\count126
\c__fp_big_middle_shift_int=\count127
\c__fp_big_trailing_shift_int=\count128
\c__fp_Bigg_leading_shift_int=\count129
\c__fp_Bigg_middle_shift_int=\count130
\c__fp_Bigg_trailing_shift_int=\count131
\c__fp_rand_size_int=\count132
\c__fp_rand_four_int=\count133
\c__fp_rand_eight_int=\count134
\l__sort_length_int=\count135
\l__sort_min_int=\count136
\l__sort_top_int=\count137
\l__sort_max_int=\count138
\l__sort_true_max_int=\count139
\l__sort_block_int=\count140
\l__sort_begin_int=\count141
\l__sort_end_int=\count142
\l__sort_A_int=\count143
\l__sort_B_int=\count144
\l__sort_C_int=\count145
\l__tl_build_start_index_int=\count146
\l__tl_build_index_int=\count147
\l__tl_analysis_normal_int=\count148
\l__tl_analysis_index_int=\count149
\l__tl_analysis_nesting_int=\count150
\l__tl_analysis_type_int=\count151
\l__regex_internal_a_int=\count152
\l__regex_internal_b_int=\count153
\l__regex_internal_c_int=\count154
\l__regex_balance_int=\count155
\l__regex_group_level_int=\count156
\l__regex_mode_int=\count157
\c__regex_cs_in_class_mode_int=\count158
\c__regex_cs_mode_int=\count159
\l__regex_catcodes_int=\count160
\l__regex_default_catcodes_int=\count161
\c__regex_catcode_D_int=\count162
\c__regex_catcode_S_int=\count163
\c__regex_catcode_L_int=\count164
\c__regex_catcode_O_int=\count165
\c__regex_catcode_A_int=\count166
\c__regex_all_catcodes_int=\count167
\l__regex_show_lines_int=\count168
\l__regex_min_state_int=\count169
\l__regex_max_state_int=\count170
\l__regex_left_state_int=\count171
\l__regex_right_state_int=\count172
\l__regex_capturing_group_int=\count173
\l__regex_min_pos_int=\count174
\l__regex_max_pos_int=\count175
\l__regex_curr_pos_int=\count176
\l__regex_start_pos_int=\count177
\l__regex_success_pos_int=\count178
\l__regex_curr_char_int=\count179
\l__regex_curr_catcode_int=\count180
\l__regex_last_char_int=\count181
\l__regex_case_changed_char_int=\count182
\l__regex_curr_state_int=\count183
\l__regex_step_int=\count184
\l__regex_min_active_int=\count185
\l__regex_max_active_int=\count186
\l__regex_replacement_csnames_int=\count187
\l__regex_match_count_int=\count188
\l__regex_min_submatch_int=\count189
\l__regex_submatch_int=\count190
\l__regex_zeroth_submatch_int=\count191
\g__regex_trace_regex_int=\count192
\c_empty_box=\box29
\l_tmpa_box=\box30
\l_tmpb_box=\box31
\g_tmpa_box=\box32
\g_tmpb_box=\box33
\l__box_top_dim=\dimen142
\l__box_bottom_dim=\dimen143
\l__box_left_dim=\dimen144
\l__box_right_dim=\dimen145
\l__box_top_new_dim=\dimen146
\l__box_bottom_new_dim=\dimen147
\l__box_left_new_dim=\dimen148
\l__box_right_new_dim=\dimen149
\l__box_internal_box=\box34
\l__coffin_internal_box=\box35
\l__coffin_internal_dim=\dimen150
\l__coffin_offset_x_dim=\dimen151
\l__coffin_offset_y_dim=\dimen152
\l__coffin_x_dim=\dimen153
\l__coffin_y_dim=\dimen154
\l__coffin_x_prime_dim=\dimen155
\l__coffin_y_prime_dim=\dimen156
\c_empty_coffin=\box36
\l__coffin_aligned_coffin=\box37
\l__coffin_aligned_internal_coffin=\box38
\l_tmpa_coffin=\box39
\l_tmpb_coffin=\box40
\l__coffin_display_coffin=\box41
\l__coffin_display_coord_coffin=\box42
\l__coffin_display_pole_coffin=\box43
\l__coffin_display_offset_dim=\dimen157
\l__coffin_display_x_dim=\dimen158
\l__coffin_display_y_dim=\dimen159
\l__coffin_bounding_shift_dim=\dimen160
\l__coffin_left_corner_dim=\dimen161
\l__coffin_right_corner_dim=\dimen162
\l__coffin_bottom_corner_dim=\dimen163
\l__coffin_top_corner_dim=\dimen164
\l__coffin_scaled_total_height_dim=\dimen165
\l__coffin_scaled_width_dim=\dimen166
)
(/usr/share/texlive/texmf-dist/tex/latex/l3kernel/l3pdfmode.def
File: l3pdfmode.def 2017/03/18 v L3 Experimental driver: PDF mode
\l__driver_color_stack_int=\count193
\l__driver_tmp_box=\box44
))
(/usr/share/texlive/texmf-dist/tex/latex/l3packages/l3keys2e/l3keys2e.sty
Package: l3keys2e 2018/02/21 LaTeX2e option processing using LaTeX3 keys
)
(/usr/share/texlive/texmf-dist/tex/latex/base/textcomp.sty
Package: textcomp 2017/04/05 v2.0i Standard LaTeX package
Package textcomp Info: Sub-encoding information:
(textcomp)               5 = only ISO-Adobe without \textcurrency
(textcomp)               4 = 5 + \texteuro
(textcomp)               3 = 4 + \textohm
(textcomp)               2 = 3 + \textestimated + \textcurrency
(textcomp)               1 = TS1 - \textcircled - \t
(textcomp)               0 = TS1 (full)
(textcomp)             Font families with sub-encoding setting implement
(textcomp)             only a restricted character set as indicated.
(textcomp)             Family '?' is the default used for unknown fonts.
(textcomp)             See the documentation for details.
Package textcomp Info: Setting ? sub-encoding to TS1/1 on input line 79.

(/usr/share/texlive/texmf-dist/tex/latex/base/ts1enc.def
File: ts1enc.def 2001/06/05 v3.0e (jk/car/fm) Standard LaTeX file
)
LaTeX Info: Redefining \oldstylenums on input line 334.
Package textcomp Info: Setting cmr sub-encoding to TS1/0 on input line 349.
Package textcomp Info: Setting cmss sub-encoding to TS1/0 on input line 350.
Package textcomp Info: Setting cmtt sub-encoding to TS1/0 on input line 351.
Package textcomp Info: Setting cmvtt sub-encoding to TS1/0 on input line 352.
Package textcomp Info: Setting cmbr sub-encoding to TS1/0 on input line 353.
Package textcomp Info: Setting cmtl sub-encoding to TS1/0 on input line 354.
Package textcomp Info: Setting ccr sub-encoding to TS1/0 on input line 355.
Package textcomp Info: Setting ptm sub-encoding to TS1/4 on input line 356.
Package textcomp Info: Setting pcr sub-encoding to TS1/4 on input line 357.
Package textcomp Info: Setting phv sub-encoding to TS1/4 on input line 358.
Package textcomp Info: Setting ppl sub-encoding to TS1/3 on input line 359.
Package textcomp Info: Setting pag sub-encoding to TS1/4 on input line 360.
Package textcomp Info: Setting pbk sub-encoding to TS1/4 on input line 361.
Package textcomp Info: Setting pnc sub-encoding to TS1/4 on input line 362.
Package textcomp Info: Setting pzc sub-encoding to TS1/4 on input line 363.
Package textcomp Info: Setting bch sub-encoding to TS1/4 on input line 364.
Package textcomp Info: Setting put sub-encoding to TS1/5 on input line 365.
Package textcomp Info: Setting uag sub-encoding to TS1/5 on input line 366.
Package textcomp Info: Setting ugq sub-encoding to TS1/5 on input line 367.
Package textcomp Info: Setting ul8 sub-encoding to TS1/4 on input line 368.
Package textcomp Info: Setting ul9 sub-encoding to TS1/4 on input line 369.
Package textcomp Info: Setting augie sub-encoding to TS1/5 on input line 370.
Package textcomp Info: Setting dayrom sub-encoding to TS1/3 on input line 371.
Package textcomp Info: Setting dayroms sub-encoding to TS1/3 on input line 372.

Package textcomp Info: Setting pxr sub-encoding to TS1/0 on input line 373.
Package textcomp Info: Setting pxss sub-encoding to TS1/0 on input line 374.
Package textcomp Info: Setting pxtt sub-encoding to TS1/0 on input line 375.
Package textcomp Info: Setting txr sub-encoding to TS1/0 on input line 376.
Package textcomp Info: Setting txss sub-encoding to TS1/0 on input line 377.
Package textcomp Info: Setting txtt sub-encoding to TS1/0 on input line 378.
Package textcomp Info: Setting lmr sub-encoding to TS1/0 on input line 379.
Package textcomp Info: Setting lmdh sub-encoding to TS1/0 on input line 380.
Package textcomp Info: Setting lmss sub-encoding to TS1/0 on input line 381.
Package textcomp Info: Setting lmssq sub-encoding to TS1/0 on input line 382.
Package textcomp Info: Setting lmvtt sub-encoding to TS1/0 on input line 383.
Package textcomp Info: Setting lmtt sub-encoding to TS1/0 on input line 384.
Package textcomp Info: Setting qhv sub-encoding to TS1/0 on input line 385.
Package textcomp Info: Setting qag sub-encoding to TS1/0 on input line 386.
Package textcomp Info: Setting qbk sub-encoding to TS1/0 on input line 387.
Package textcomp Info: Setting qcr sub-encoding to TS1/0 on input line 388.
Package textcomp Info: Setting qcs sub-encoding to TS1/0 on input line 389.
Package textcomp Info: Setting qpl sub-encoding to TS1/0 on input line 390.
Package textcomp Info: Setting qtm sub-encoding to TS1/0 on input line 391.
Package textcomp Info: Setting qzc sub-encoding to TS1/0 on input line 392.
Package textcomp Info: Setting qhvc sub-encoding to TS1/0 on input line 393.
Package textcomp Info: Setting futs sub-encoding to TS1/4 on input line 394.
Package textcomp Info: Setting futx sub-encoding to TS1/4 on input line 395.
Package textcomp Info: Setting futj sub-encoding to TS1/4 on input line 396.
Package textcomp Info: Setting hlh sub-encoding to TS1/3 on input line 397.
Package textcomp Info: Setting hls sub-encoding to TS1/3 on input line 398.
Package textcomp Info: Setting hlst sub-encoding to TS1/3 on input line 399.
Package textcomp Info: Setting hlct sub-encoding to TS1/5 on input line 400.
Package textcomp Info: Setting hlx sub-encoding to TS1/5 on input line 401.
Package textcomp Info: Setting hlce sub-encoding to TS1/5 on input line 402.
Package textcomp Info: Setting hlcn sub-encoding to TS1/5 on input line 403.
Package textcomp Info: Setting hlcw sub-encoding to TS1/5 on input line 404.
Package textcomp Info: Setting hlcf sub-encoding to TS1/5 on input line 405.
Package textcomp Info: Setting pplx sub-encoding to TS1/3 on input line 406.
Package textcomp Info: Setting pplj sub-encoding to TS1/3 on input line 407.
Package textcomp Info: Setting ptmx sub-encoding to TS1/4 on input line 408.
Package textcomp Info: Setting ptmj sub-encoding to TS1/4 on input line 409.
)
(/usr/share/texlive/texmf-dist/tex/latex/l3packages/xparse/xparse.sty
Package: xparse 2018/02/21 L3 Experimental document command parser
\l__xparse_current_arg_int=\count194
\g__xparse_grabber_int=\count195
\l__xparse_m_args_int=\count196
\l__xparse_mandatory_args_int=\count197
\l__xparse_v_nesting_int=\count198
)
(/usr/share/texlive/texmf-dist/tex/latex/l3packages/xtemplate/xtemplate.sty
Package: xtemplate 2018/02/21 L3 Experimental prototype document functions
\l__xtemplate_tmp_dim=\dimen167
\l__xtemplate_tmp_int=\count199
\l__xtemplate_tmp_muskip=\muskip17
\l__xtemplate_tmp_skip=\skip72
)
Package: xfrac 2018/02/21 L3 Experimental split-level fractions
\l__xfrac_slash_box=\box45
\l__xfrac_tmp_box=\box46
\l__xfrac_denominator_bot_sep_dim=\dimen168
\l__xfrac_numerator_bot_sep_dim=\dimen169
\l__xfrac_numerator_top_sep_dim=\dimen170
\l__xfrac_slash_left_sep_dim=\dimen171
\l__xfrac_slash_right_sep_dim=\dimen172
\l__xfrac_slash_left_muskip=\muskip18
\l__xfrac_slash_right_muskip=\muskip19
.................................................
. xtemplate info: "declare-object-type"
. 
. Declaring object type 'xfrac' taking 3 argument(s) on line 80.
.................................................
.................................................
. LaTeX info: "xparse/define-command"
. 
. Defining command \sfrac with sig. 'omom' on line 420.
.................................................
)
(/usr/share/texlive/texmf-dist/tex/latex/hyperref/hyperref.sty
Package: hyperref 2018/02/06 v6.86b Hypertext links for LaTeX

(/usr/share/texlive/texmf-dist/tex/generic/oberdiek/hobsub-hyperref.sty
Package: hobsub-hyperref 2016/05/16 v1.14 Bundle oberdiek, subset hyperref (HO)


(/usr/share/texlive/texmf-dist/tex/generic/oberdiek/hobsub-generic.sty
Package: hobsub-generic 2016/05/16 v1.14 Bundle oberdiek, subset generic (HO)
Package: hobsub 2016/05/16 v1.14 Construct package bundles (HO)
Package: infwarerr 2016/05/16 v1.4 Providing info/warning/error messages (HO)
Package: ltxcmds 2016/05/16 v1.23 LaTeX kernel commands for general use (HO)
Package: ifluatex 2016/05/16 v1.4 Provides the ifluatex switch (HO)
Package ifluatex Info: LuaTeX not detected.
Package: ifvtex 2016/05/16 v1.6 Detect VTeX and its facilities (HO)
Package ifvtex Info: VTeX not detected.
Package: intcalc 2016/05/16 v1.2 Expandable calculations with integers (HO)
Package: ifpdf 2017/03/15 v3.2 Provides the ifpdf switch
Package: etexcmds 2016/05/16 v1.6 Avoid name clashes with e-TeX commands (HO)
Package etexcmds Info: Could not find \expanded.
(etexcmds)             That can mean that you are not using pdfTeX 1.50 or
(etexcmds)             that some package has redefined \expanded.
(etexcmds)             In the latter case, load this package earlier.
Package: kvsetkeys 2016/05/16 v1.17 Key value parser (HO)
Package: kvdefinekeys 2016/05/16 v1.4 Define keys (HO)
Package: pdftexcmds 2018/01/21 v0.26 Utility functions of pdfTeX for LuaTeX (HO
)
Package pdftexcmds Info: LuaTeX not detected.
Package pdftexcmds Info: \pdf@primitive is available.
Package pdftexcmds Info: \pdf@ifprimitive is available.
Package pdftexcmds Info: \pdfdraftmode found.
Package: pdfescape 2016/05/16 v1.14 Implements pdfTeX's escape features (HO)
Package: bigintcalc 2016/05/16 v1.4 Expandable calculations on big integers (HO
)
Package: bitset 2016/05/16 v1.2 Handle bit-vector datatype (HO)
Package: uniquecounter 2016/05/16 v1.3 Provide unlimited unique counter (HO)
)
Package hobsub Info: Skipping package `hobsub' (already loaded).
Package: letltxmacro 2016/05/16 v1.5 Let assignment for LaTeX macros (HO)
Package: hopatch 2016/05/16 v1.3 Wrapper for package hooks (HO)
Package: xcolor-patch 2016/05/16 xcolor patch
Package: atveryend 2016/05/16 v1.9 Hooks at the very end of document (HO)
Package atveryend Info: \enddocument detected (standard20110627).
Package: atbegshi 2016/06/09 v1.18 At begin shipout hook (HO)
Package: refcount 2016/05/16 v3.5 Data extraction from label references (HO)
Package: hycolor 2016/05/16 v1.8 Color options for hyperref/bookmark (HO)
)
(/usr/share/texlive/texmf-dist/tex/generic/ifxetex/ifxetex.sty
Package: ifxetex 2010/09/12 v0.6 Provides ifxetex conditional
)
(/usr/share/texlive/texmf-dist/tex/latex/oberdiek/auxhook.sty
Package: auxhook 2016/05/16 v1.4 Hooks for auxiliary files (HO)
)
(/usr/share/texlive/texmf-dist/tex/latex/oberdiek/kvoptions.sty
Package: kvoptions 2016/05/16 v3.12 Key value format for package options (HO)
)
\@linkdim=\dimen173
\Hy@linkcounter=\count266
\Hy@pagecounter=\count267

(/usr/share/texlive/texmf-dist/tex/latex/hyperref/pd1enc.def
File: pd1enc.def 2018/02/06 v6.86b Hyperref: PDFDocEncoding definition (HO)
)
\Hy@SavedSpaceFactor=\count268

(/usr/share/texlive/texmf-dist/tex/latex/latexconfig/hyperref.cfg
File: hyperref.cfg 2002/06/06 v1.2 hyperref configuration of TeXLive
)
Package hyperref Info: Option `colorlinks' set `true' on input line 4383.
Package hyperref Info: Hyper figures OFF on input line 4509.
Package hyperref Info: Link nesting OFF on input line 4514.
Package hyperref Info: Hyper index ON on input line 4517.
Package hyperref Info: Plain pages OFF on input line 4524.
Package hyperref Info: Backreferencing OFF on input line 4529.
Package hyperref Info: Implicit mode ON; LaTeX internals redefined.
Package hyperref Info: Bookmarks ON on input line 4762.
\c@Hy@tempcnt=\count269

(/usr/share/texlive/texmf-dist/tex/latex/url/url.sty
\Urlmuskip=\muskip20
Package: url 2013/09/16  ver 3.4  Verb mode for urls, etc.
)
LaTeX Info: Redefining \url on input line 5115.
\XeTeXLinkMargin=\dimen174
\Fld@menulength=\count270
\Field@Width=\dimen175
\Fld@charsize=\dimen176
Package hyperref Info: Hyper figures OFF on input line 6369.
Package hyperref Info: Link nesting OFF on input line 6374.
Package hyperref Info: Hyper index ON on input line 6377.
Package hyperref Info: backreferencing OFF on input line 6384.
Package hyperref Info: Link coloring ON on input line 6387.
Package hyperref Info: Link coloring with OCG OFF on input line 6394.
Package hyperref Info: PDF/A mode OFF on input line 6399.
LaTeX Info: Redefining \ref on input line 6439.
LaTeX Info: Redefining \pageref on input line 6443.
\Hy@abspage=\count271
\c@Item=\count272
\c@Hfootnote=\count273
)
Package hyperref Info: Driver (autodetected): hpdftex.

(/usr/share/texlive/texmf-dist/tex/latex/hyperref/hpdftex.def
File: hpdftex.def 2018/02/06 v6.86b Hyperref driver for pdfTeX
\Fld@listcount=\count274
\c@bookmark@seq@number=\count275

(/usr/share/texlive/texmf-dist/tex/latex/oberdiek/rerunfilecheck.sty
Package: rerunfilecheck 2016/05/16 v1.8 Rerun checks for auxiliary files (HO)
Package uniquecounter Info: New unique counter `rerunfilecheck' on input line 2
82.
)
\Hy@SectionHShift=\skip73
)
(/usr/share/texmf/tex/latex/chem/mhchem.sty
Package: mhchem 2018/06/22 v4.08 for typesetting chemical formulae

(/usr/share/texmf/tex/latex/chem/chemgreek.sty
Package: chemgreek 2016/12/20 v1.1 interfaceforuprightgreeklettersforuseinchemi
stry (CN)
\l__chemgreek_tmpa_int=\count276
\g__chemgreek_tmpa_int=\count277
.................................................
. LaTeX info: "xparse/define-command"
. 
. Defining command \newchemgreekmapping with sig. 'O{}mm' on line 336.
.................................................
.................................................
. LaTeX info: "xparse/define-command"
. 
. Defining command \renewchemgreekmapping with sig. 'O{}mm' on line 339.
.................................................
.................................................
. LaTeX info: "xparse/define-command"
. 
. Defining command \declarechemgreekmapping with sig. 'O{}mm' on line 342.
.................................................
.................................................
. LaTeX info: "xparse/define-command"
. 
. Defining command \newchemgreekmappingalias with sig. 'mm' on line 347.
.................................................
.................................................
. LaTeX info: "xparse/define-command"
. 
. Defining command \renewchemgreekmappingalias with sig. 'mm' on line 350.
.................................................
.................................................
. LaTeX info: "xparse/define-command"
. 
. Defining command \declarechemgreekmappingalias with sig. 'mm' on line 353.
.................................................
.................................................
. LaTeX info: "xparse/define-command"
. 
. Defining command \changechemgreeksymbol with sig. 'mmmm' on line 383.
.................................................
.................................................
. LaTeX info: "xparse/define-command"
. 
. Defining command \chemgreekmappingsymbol with sig. 'mm' on line 477.
.................................................
.................................................
. LaTeX info: "xparse/define-command"
. 
. Defining command \activatechemgreekmapping with sig. 'sm' on line 486.
.................................................
.................................................
. LaTeX info: "xparse/define-command"
. 
. Defining command \selectchemgreekmapping with sig. 'm' on line 491.
.................................................
)
\l__mhchem_ce_distanceFromLastComma_int=\count278
\__mhchem_arrow_extPgfLength_skip=\skip74
\mhchem@minispace@tmp=\skip75
\mhchem@minibackspace@tmp=\skip76
\mhchem@bondwidth=\skip77
\mhchem@bondheight=\skip78
\mhchem@smallbondwidth@tmpA=\skip79
\mhchem@smallbondwidth@tmpB=\skip80
\mhchem@smallbondwidth=\skip81
\mhchem@bondtmp@minussidebearingleft=\skip82
\mhchem@bondtmp@minussidebearingright=\skip83
\l__mhchem_option_version_int=\count279
\mhchem@option@minusmathsidebearingleft=\dimen177
\mhchem@option@minusmathsidebearingright=\dimen178
\mhchem@option@minustextsidebearingleft=\dimen179
\mhchem@option@minustextsidebearingright=\dimen180
)
(/usr/share/texlive/texmf-dist/tex/latex/float/float.sty
Package: float 2001/11/08 v1.3d Float enhancements (AL)
\c@float@type=\count280
\float@exts=\toks23
\float@box=\box47
\@float@everytoks=\toks24
\@floatcapt=\box48
)
(/usr/share/texlive/texmf-dist/tex/latex/fixme/fixme.sty
Package: fixme 2017/03/05 v4.4 Collaborative annotations for LaTeX2e

(/usr/share/texlive/texmf-dist/tex/latex/tools/verbatim.sty
Package: verbatim 2014/10/28 v1.5q LaTeX2e package for verbatim enhancements
\every@verbatim=\toks25
\verbatim@line=\toks26
\verbatim@in@stream=\read1
)
(/usr/share/texlive/texmf-dist/tex/latex/xkeyval/xkeyval.sty
Package: xkeyval 2014/12/03 v2.7a package option processing (HA)

(/usr/share/texlive/texmf-dist/tex/generic/xkeyval/xkeyval.tex
(/usr/share/texlive/texmf-dist/tex/generic/xkeyval/xkvutils.tex
\XKV@toks=\toks27
\XKV@tempa@toks=\toks28
)
\XKV@depth=\count281
File: xkeyval.tex 2014/12/03 v2.7a key=value parser (HA)
))
\lox@file=\read2
\c@fixmecount=\count282
\c@fxnotecount=\count283
\c@fxwarningcount=\count284
\c@fxerrorcount=\count285
\c@fxfatalcount=\count286
)
(/usr/share/texlive/texmf-dist/tex/latex/fixme/themes/fxthemecolor.sty
Package: fxthemecolor 

(/usr/share/texlive/texmf-dist/tex/latex/fixme/layouts/env/fxenvlayoutcolor.sty
Package: fxenvlayoutcolor 
)
(/usr/share/texlive/texmf-dist/tex/latex/fixme/layouts/target/fxtargetlayoutcol
or.sty
Package: fxtargetlayoutcolor 
))) (./main.aux)
\openout1 = `main.aux'.

LaTeX Font Info:    Checking defaults for OML/cmm/m/it on input line 2.
LaTeX Font Info:    ... okay on input line 2.
LaTeX Font Info:    Checking defaults for T1/cmr/m/n on input line 2.
LaTeX Font Info:    ... okay on input line 2.
LaTeX Font Info:    Checking defaults for OT1/cmr/m/n on input line 2.
LaTeX Font Info:    ... okay on input line 2.
LaTeX Font Info:    Checking defaults for OMS/cmsy/m/n on input line 2.
LaTeX Font Info:    ... okay on input line 2.
LaTeX Font Info:    Checking defaults for OMX/cmex/m/n on input line 2.
LaTeX Font Info:    ... okay on input line 2.
LaTeX Font Info:    Checking defaults for U/cmr/m/n on input line 2.
LaTeX Font Info:    ... okay on input line 2.
LaTeX Font Info:    Checking defaults for TS1/cmr/m/n on input line 2.
LaTeX Font Info:    Try loading font information for TS1+cmr on input line 2.
 (/usr/share/texlive/texmf-dist/tex/latex/base/ts1cmr.fd
File: ts1cmr.fd 2014/09/29 v2.5h Standard LaTeX font definitions
)
LaTeX Font Info:    ... okay on input line 2.
LaTeX Font Info:    Checking defaults for PD1/pdf/m/n on input line 2.
LaTeX Font Info:    ... okay on input line 2.
(/usr/share/texlive/texmf-dist/tex/context/base/mkii/supp-pdf.mkii
[Loading MPS to PDF converter (version 2006.09.02).]
\scratchcounter=\count287
\scratchdimen=\dimen181
\scratchbox=\box49
\nofMPsegments=\count288
\nofMParguments=\count289
\everyMPshowfont=\toks29
\MPscratchCnt=\count290
\MPscratchDim=\dimen182
\MPnumerator=\count291
\makeMPintoPDFobject=\count292
\everyMPtoPDFconversion=\toks30
) (/usr/share/texlive/texmf-dist/tex/latex/oberdiek/epstopdf-base.sty
Package: epstopdf-base 2016/05/15 v2.6 Base part for package epstopdf

(/usr/share/texlive/texmf-dist/tex/latex/oberdiek/grfext.sty
Package: grfext 2016/05/16 v1.2 Manage graphics extensions (HO)
)
Package epstopdf-base Info: Redefining graphics rule for `.eps' on input line 4
38.
Package grfext Info: Graphics extension search list:
(grfext)             [.pdf,.png,.jpg,.mps,.jpeg,.jbig2,.jb2,.PDF,.PNG,.JPG,.JPE
G,.JBIG2,.JB2,.eps]
(grfext)             \AppendGraphicsExtensions on input line 456.

(/usr/share/texlive/texmf-dist/tex/latex/latexconfig/epstopdf-sys.cfg
File: epstopdf-sys.cfg 2010/07/13 v1.3 Configuration of (r)epstopdf for TeX Liv
e
))
Package caption Info: Begin \AtBeginDocument code.
Package caption Info: float package is loaded.
Package caption Info: hyperref package is loaded.
Package caption Info: subfigure package is loaded.
Package caption Info: End \AtBeginDocument code.
\AtBeginShipoutBox=\box50
Package hyperref Info: Link coloring ON on input line 2.

(/usr/share/texlive/texmf-dist/tex/latex/hyperref/nameref.sty
Package: nameref 2016/05/21 v2.44 Cross-referencing by name of section

(/usr/share/texlive/texmf-dist/tex/generic/oberdiek/gettitlestring.sty
Package: gettitlestring 2016/05/16 v1.5 Cleanup title references (HO)
)
\c@section@level=\count293
)
LaTeX Info: Redefining \ref on input line 2.
LaTeX Info: Redefining \pageref on input line 2.
LaTeX Info: Redefining \nameref on input line 2.

(./main.out) (./main.out)
\@outlinefile=\write3
\openout3 = `main.out'.

.................................................
. chemgreek info: "mapping-activated"
. 
. Activating mapping `default' on line 2.
.................................................
 (./frontmatter/titlepage.tex
Package epstopdf Info: Source file: <figures/PROSPECT_logo.eps>
(epstopdf)                    date: 2019-05-28 16:17:58
(epstopdf)                    size: 626058 bytes
(epstopdf)             Output file: <figures/PROSPECT_logo-eps-converted-to.pdf
>
(epstopdf)                    date: 2019-05-28 16:17:58
(epstopdf)                    size: 22246 bytes
(epstopdf)             Command: <repstopdf --outfile=figures/PROSPECT_logo-eps-
converted-to.pdf figures/PROSPECT_logo.eps>
(epstopdf)             \includegraphics on input line 7.
Package epstopdf Info: Output file is already uptodate.


pdfTeX warning: /usr/bin/pdflatex (file ./figures/PROSPECT_logo-eps-converted-t
o.pdf): PDF inclusion: found PDF version <1.7>, but at most version <1.5> allow
ed
<figures/PROSPECT_logo-eps-converted-to.pdf, id=132, 887.315pt x 312.16624pt>
File: figures/PROSPECT_logo-eps-converted-to.pdf Graphic file (type pdf)
<use figures/PROSPECT_logo-eps-converted-to.pdf>
Package pdftex.def Info: figures/PROSPECT_logo-eps-converted-to.pdf  used on in
put line 7.
(pdftex.def)             Requested size: 234.8775pt x 82.62839pt.
[1

{/var/lib/texmf/fonts/map/pdftex/updmap/pdftex.map} <./figures/PROSPECT_logo-ep
s-converted-to.pdf>]) (./main.toc)
\tf@toc=\write4
\openout4 = `main.toc'.

 (./main.lofpdfTeX warning (ext4): destination with the same identifier (name{p
age.1}) has been already used, duplicate ignored
<to be read again> 
                   \relax 
l.2 ...ersus time. \relax }}{10}{figure.caption.4}
                                                   [1]
Overfull \hbox (24.50612pt too wide) in paragraph at lines 11--11
 \OT1/cmr/m/n/12 and ac-ci-den-tal (red) prompt/delayed dis-place-ments. (Right
) Accidental-subtracted 
 []

[2]
Overfull \hbox (6.91406pt too wide) in paragraph at lines 16--16
 \OT1/cmr/m/n/12 weighted av-er-age en-ergy width is 0.04572$\OMS/cmsy/m/n/12 ^
^F$\OT1/cmr/m/n/12 0.00009 MeV and $\OML/cmm/m/it/12 ^^_[]$\OT1/cmr/m/n/12 /NDF
=1566/90. 
 []


Overfull \hbox (6.91406pt too wide) in paragraph at lines 18--18
 \OT1/cmr/m/n/12 weighted av-er-age en-ergy width is 0.04427$\OMS/cmsy/m/n/12 ^
^F$\OT1/cmr/m/n/12 0.00006 MeV and $\OML/cmm/m/it/12 ^^_[]$\OT1/cmr/m/n/12 /NDF
=1120/90. 
 []

[3]
Overfull \hbox (15.65355pt too wide) in paragraph at lines 27--27
 \OT1/cmr/m/n/12 light vari-a-tions. Un-normalized weighted av-er-age en-ergy i
s 1.05899$\OMS/cmsy/m/n/12 ^^F$\OT1/cmr/m/n/12 0.00021 MeV 
 []

[4]
Overfull \hbox (15.65355pt too wide) in paragraph at lines 29--29
 \OT1/cmr/m/n/12 light vari-a-tions. Un-normalized weighted av-er-age en-ergy i
s 0.84089$\OMS/cmsy/m/n/12 ^^F$\OT1/cmr/m/n/12 0.00008 MeV 
 []

[5] [6])
\tf@lof=\write5
\openout5 = `main.lof'.

 [7]
<figures/BiPo212RatevsT.pdf, id=498, 569.12625pt x 407.5225pt>
File: figures/BiPo212RatevsT.pdf Graphic file (type pdf)
<use figures/BiPo212RatevsT.pdf>
Package pdftex.def Info: figures/BiPo212RatevsT.pdf  used on input line 18.
(pdftex.def)             Requested size: 422.77664pt x 302.7434pt.


LaTeX Warning: `!h' float specifier changed to `!ht'.

<figures/BiPo214RatevsT.pdf, id=499, 569.12625pt x 407.5225pt>
File: figures/BiPo214RatevsT.pdf Graphic file (type pdf)
<use figures/BiPo214RatevsT.pdf>
Package pdftex.def Info: figures/BiPo214RatevsT.pdf  used on input line 24.
(pdftex.def)             Requested size: 422.77664pt x 302.7434pt.

LaTeX Warning: `!h' float specifier changed to `!ht'.

[8] [9 <./figures/BiPo212RatevsT.pdf, page is rotated 90 degrees>]
<./figures/../figures/BiPo214DeltaTSpectrum.pdf, id=555, 569.12625pt x 407.5225
pt>
File: ./figures/../figures/BiPo214DeltaTSpectrum.pdf Graphic file (type pdf)
<use ./figures/../figures/BiPo214DeltaTSpectrum.pdf>
Package pdftex.def Info: ./figures/../figures/BiPo214DeltaTSpectrum.pdf  used o
n input line 44.
(pdftex.def)             Requested size: 328.82707pt x 235.46777pt.
 [10 <./figures/BiPo214RatevsT.pdf, page is rotated 90 degrees>]
<./figures/../figures/BiPo214dTvsCell.pdf, id=604, 569.12625pt x 216.81pt>
File: ./figures/../figures/BiPo214dTvsCell.pdf Graphic file (type pdf)
<use ./figures/../figures/BiPo214dTvsCell.pdf>
Package pdftex.def Info: ./figures/../figures/BiPo214dTvsCell.pdf  used on inpu
t line 50.
(pdftex.def)             Requested size: 450.96797pt x 171.80403pt.
 [11 <./figures/../figures/BiPo214DeltaTSpectrum.pdf, page is rotated 90 degree
s> <./figures/../figures/BiPo214dTvsCell.pdf, page is rotated 90 degrees>]
<./figures/../figures/BiPo214dTvsT.pdf, id=700, 569.12625pt x 216.81pt>
File: ./figures/../figures/BiPo214dTvsT.pdf Graphic file (type pdf)
<use ./figures/../figures/BiPo214dTvsT.pdf>
Package pdftex.def Info: ./figures/../figures/BiPo214dTvsT.pdf  used on input l
ine 58.
(pdftex.def)             Requested size: 450.96797pt x 171.80403pt.
 [12 <./figures/../figures/BiPo214dTvsT.pdf, page is rotated 90 degrees>]
<./figures/../figures/Po212dtPlusBkg.pdf, id=758, 569.12625pt x 232.87pt>
File: ./figures/../figures/Po212dtPlusBkg.pdf Graphic file (type pdf)
<use ./figures/../figures/Po212dtPlusBkg.pdf>
Package pdftex.def Info: ./figures/../figures/Po212dtPlusBkg.pdf  used on input
 line 74.
(pdftex.def)             Requested size: 450.96797pt x 184.53024pt.
 [13]
<./figures/../figures/Po212HalfLifevsFitRange.pdf, id=764, 569.12625pt x 271.01
25pt>
File: ./figures/../figures/Po212HalfLifevsFitRange.pdf Graphic file (type pdf)
<use ./figures/../figures/Po212HalfLifevsFitRange.pdf>
Package pdftex.def Info: ./figures/../figures/Po212HalfLifevsFitRange.pdf  used
 on input line 81.
(pdftex.def)             Requested size: 450.96797pt x 214.75504pt.


LaTeX Warning: `!h' float specifier changed to `!ht'.

<./figures/../figures/Po212HalfLifevsNbinsX.pdf, id=765, 569.12625pt x 271.0125
pt>
File: ./figures/../figures/Po212HalfLifevsNbinsX.pdf Graphic file (type pdf)
<use ./figures/../figures/Po212HalfLifevsNbinsX.pdf>
Package pdftex.def Info: ./figures/../figures/Po212HalfLifevsNbinsX.pdf  used o
n input line 88.
(pdftex.def)             Requested size: 450.96797pt x 214.75504pt.
<./figures/../figures/Po212RatevsNbinsXandFitRange.pdf, id=768, 569.12625pt x 2
71.0125pt>
File: ./figures/../figures/Po212RatevsNbinsXandFitRange.pdf Graphic file (type 
pdf)
<use ./figures/../figures/Po212RatevsNbinsXandFitRange.pdf>
Package pdftex.def Info: ./figures/../figures/Po212RatevsNbinsXandFitRange.pdf 
 used on input line 96.
(pdftex.def)             Requested size: 450.96797pt x 214.75504pt.
[14 <./figures/../figures/Po212dtPlusBkg.pdf, page is rotated 90 degrees>]
<./figures/../figures/BiPo212dTvsCell.pdf, id=824, 569.12625pt x 216.81pt>
File: ./figures/../figures/BiPo212dTvsCell.pdf Graphic file (type pdf)
<use ./figures/../figures/BiPo212dTvsCell.pdf>
Package pdftex.def Info: ./figures/../figures/BiPo212dTvsCell.pdf  used on inpu
t line 107.
(pdftex.def)             Requested size: 450.96797pt x 171.80403pt.


LaTeX Warning: `!h' float specifier changed to `!ht'.

[15 <./figures/../figures/Po212HalfLifevsFitRange.pdf, page is rotated 90 degre
es>] [16 <./figures/../figures/Po212HalfLifevsNbinsX.pdf, page is rotated 90 de
grees>] [17 <./figures/../figures/Po212RatevsNbinsXandFitRange.pdf, page is rot
ated 90 degrees> <./figures/../figures/BiPo212dTvsCell.pdf, page is rotated 90 
degrees>] [18] [19] [20] [21]
<./figures/../figures/distance_cut.pdf, id=1052, 569.12625pt x 269.005pt>
File: ./figures/../figures/distance_cut.pdf Graphic file (type pdf)
<use ./figures/../figures/distance_cut.pdf>
Package pdftex.def Info: ./figures/../figures/distance_cut.pdf  used on input l
ine 220.
(pdftex.def)             Requested size: 469.75502pt x 222.04678pt.
 [22 <./figures/../figures/distance_cut.pdf, page is rotated 90 degrees>]
Underfull \hbox (badness 10000) in paragraph at lines 239--243

 []

[23]
Underfull \hbox (badness 10000) in paragraph at lines 244--249

 []

[24]
<figures/PubBiPo212EvsCell.pdf, id=1115, 569.12625pt x 128.48pt>
File: figures/PubBiPo212EvsCell.pdf Graphic file (type pdf)
<use figures/PubBiPo212EvsCell.pdf>
Package pdftex.def Info: figures/PubBiPo212EvsCell.pdf  used on input line 255.

(pdftex.def)             Requested size: 493.2442pt x 111.3552pt.

Overfull \hbox (23.48918pt too wide) in paragraph at lines 255--256
 [][] 
 []

<figures/PubBiPo212EsmearvsCell.pdf, id=1116, 569.12625pt x 128.48pt>
File: figures/PubBiPo212EsmearvsCell.pdf Graphic file (type pdf)
<use figures/PubBiPo212EsmearvsCell.pdf>
Package pdftex.def Info: figures/PubBiPo212EsmearvsCell.pdf  used on input line
 260.
(pdftex.def)             Requested size: 493.2442pt x 111.3552pt.

Overfull \hbox (23.48918pt too wide) in paragraph at lines 260--261
 [][] 
 []

<figures/PubBiPo214EvsCell.pdf, id=1117, 569.12625pt x 128.48pt>
File: figures/PubBiPo214EvsCell.pdf Graphic file (type pdf)
<use figures/PubBiPo214EvsCell.pdf>
Package pdftex.def Info: figures/PubBiPo214EvsCell.pdf  used on input line 265.

(pdftex.def)             Requested size: 493.2442pt x 111.3552pt.

Overfull \hbox (23.48918pt too wide) in paragraph at lines 265--266
 [][] 
 []


LaTeX Warning: `!h' float specifier changed to `!ht'.

<figures/PubBiPo214EsmearvsCell.pdf, id=1118, 569.12625pt x 128.48pt>
File: figures/PubBiPo214EsmearvsCell.pdf Graphic file (type pdf)
<use figures/PubBiPo214EsmearvsCell.pdf>
Package pdftex.def Info: figures/PubBiPo214EsmearvsCell.pdf  used on input line
 270.
(pdftex.def)             Requested size: 493.2442pt x 111.3552pt.

Overfull \hbox (23.48918pt too wide) in paragraph at lines 270--271
 [][] 
 []


LaTeX Warning: `!h' float specifier changed to `!ht'.

[25 <./figures/PubBiPo212EvsCell.pdf, page is rotated 90 degrees> <./figures/Pu
bBiPo212EsmearvsCell.pdf, page is rotated 90 degrees>] [26 <./figures/PubBiPo21
4EvsCell.pdf, page is rotated 90 degrees> <./figures/PubBiPo214EsmearvsCell.pdf
, page is rotated 90 degrees>]
<figures/PubBiPo212EresvsCell.pdf, id=1300, 569.12625pt x 128.48pt>
File: figures/PubBiPo212EresvsCell.pdf Graphic file (type pdf)
<use figures/PubBiPo212EresvsCell.pdf>
Package pdftex.def Info: figures/PubBiPo212EresvsCell.pdf  used on input line 2
80.
(pdftex.def)             Requested size: 493.2442pt x 111.3552pt.

Overfull \hbox (23.48918pt too wide) in paragraph at lines 280--281
 [][] 
 []

<figures/PubBiPo212EsmearresvsCell.pdf, id=1301, 569.12625pt x 128.48pt>
File: figures/PubBiPo212EsmearresvsCell.pdf Graphic file (type pdf)
<use figures/PubBiPo212EsmearresvsCell.pdf>
Package pdftex.def Info: figures/PubBiPo212EsmearresvsCell.pdf  used on input l
ine 285.
(pdftex.def)             Requested size: 493.2442pt x 111.3552pt.

Overfull \hbox (23.48918pt too wide) in paragraph at lines 285--286
 [][] 
 []

<figures/PubBiPo214EresvsCell.pdf, id=1302, 569.12625pt x 128.48pt>
File: figures/PubBiPo214EresvsCell.pdf Graphic file (type pdf)
<use figures/PubBiPo214EresvsCell.pdf>
Package pdftex.def Info: figures/PubBiPo214EresvsCell.pdf  used on input line 2
90.
(pdftex.def)             Requested size: 493.2442pt x 111.3552pt.

Overfull \hbox (23.48918pt too wide) in paragraph at lines 290--291
 [][] 
 []


LaTeX Warning: `!h' float specifier changed to `!ht'.

<figures/PubBiPo214EsmearresvsCell.pdf, id=1303, 569.12625pt x 128.48pt>
File: figures/PubBiPo214EsmearresvsCell.pdf Graphic file (type pdf)
<use figures/PubBiPo214EsmearresvsCell.pdf>
Package pdftex.def Info: figures/PubBiPo214EsmearresvsCell.pdf  used on input l
ine 295.
(pdftex.def)             Requested size: 493.2442pt x 111.3552pt.

Overfull \hbox (23.48918pt too wide) in paragraph at lines 295--296
 [][] 
 []


LaTeX Warning: `!h' float specifier changed to `!ht'.

[27

 <./figures/PubBiPo212EresvsCell.pdf, page is rotated 90 degrees> <./figures/Pu
bBiPo212EsmearresvsCell.pdf, page is rotated 90 degrees>] [28 <./figures/PubBiP
o214EresvsCell.pdf, page is rotated 90 degrees> <./figures/PubBiPo214Esmearresv
sCell.pdf, page is rotated 90 degrees>]
<figures/PubBiPo212dZWidthvsCell.pdf, id=1485, 569.12625pt x 128.48pt>
File: figures/PubBiPo212dZWidthvsCell.pdf Graphic file (type pdf)
<use figures/PubBiPo212dZWidthvsCell.pdf>
Package pdftex.def Info: figures/PubBiPo212dZWidthvsCell.pdf  used on input lin
e 304.
(pdftex.def)             Requested size: 493.2442pt x 111.3552pt.

Overfull \hbox (23.48918pt too wide) in paragraph at lines 304--305
 [][] 
 []

<figures/PubBiPo214dZWidthvsCell.pdf, id=1486, 569.12625pt x 128.48pt>
File: figures/PubBiPo214dZWidthvsCell.pdf Graphic file (type pdf)
<use figures/PubBiPo214dZWidthvsCell.pdf>
Package pdftex.def Info: figures/PubBiPo214dZWidthvsCell.pdf  used on input lin
e 309.
(pdftex.def)             Requested size: 493.2442pt x 111.3552pt.

Overfull \hbox (23.48918pt too wide) in paragraph at lines 309--310
 [][] 
 []

[29

 <./figures/PubBiPo212dZWidthvsCell.pdf, page is rotated 90 degrees> <./figures
/PubBiPo214dZWidthvsCell.pdf, page is rotated 90 degrees>]
<figures/PubBiPo212ZRMSvsCell.pdf, id=1577, 569.12625pt x 128.48pt>
File: figures/PubBiPo212ZRMSvsCell.pdf Graphic file (type pdf)
<use figures/PubBiPo212ZRMSvsCell.pdf>
Package pdftex.def Info: figures/PubBiPo212ZRMSvsCell.pdf  used on input line 3
18.
(pdftex.def)             Requested size: 493.2442pt x 111.3552pt.

Overfull \hbox (23.48918pt too wide) in paragraph at lines 318--319
 [][] 
 []

<figures/PubBiPo214ZRMSvsCell.pdf, id=1578, 569.12625pt x 128.48pt>
File: figures/PubBiPo214ZRMSvsCell.pdf Graphic file (type pdf)
<use figures/PubBiPo214ZRMSvsCell.pdf>
Package pdftex.def Info: figures/PubBiPo214ZRMSvsCell.pdf  used on input line 3
23.
(pdftex.def)             Requested size: 493.2442pt x 111.3552pt.

Overfull \hbox (23.48918pt too wide) in paragraph at lines 323--324
 [][] 
 []

[30

 <./figures/PubBiPo212ZRMSvsCell.pdf, page is rotated 90 degrees> <./figures/Pu
bBiPo214ZRMSvsCell.pdf, page is rotated 90 degrees>]
<figures/PubBiPo212meanZvsCell.pdf, id=1671, 569.12625pt x 128.48pt>
File: figures/PubBiPo212meanZvsCell.pdf Graphic file (type pdf)
<use figures/PubBiPo212meanZvsCell.pdf>
Package pdftex.def Info: figures/PubBiPo212meanZvsCell.pdf  used on input line 
332.
(pdftex.def)             Requested size: 493.2442pt x 111.3552pt.

Overfull \hbox (23.48918pt too wide) in paragraph at lines 332--333
 [][] 
 []

<figures/PubBiPo214meanZvsCell.pdf, id=1672, 569.12625pt x 128.48pt>
File: figures/PubBiPo214meanZvsCell.pdf Graphic file (type pdf)
<use figures/PubBiPo214meanZvsCell.pdf>
Package pdftex.def Info: figures/PubBiPo214meanZvsCell.pdf  used on input line 
337.
(pdftex.def)             Requested size: 493.2442pt x 111.3552pt.

Overfull \hbox (23.48918pt too wide) in paragraph at lines 337--338
 [][] 
 []

[31

 <./figures/PubBiPo212meanZvsCell.pdf, page is rotated 90 degrees> <./figures/P
ubBiPo214meanZvsCell.pdf, page is rotated 90 degrees>]
<figures/PubBiPo212EvsT.pdf, id=1763, 569.12625pt x 128.48pt>
File: figures/PubBiPo212EvsT.pdf Graphic file (type pdf)
<use figures/PubBiPo212EvsT.pdf>
Package pdftex.def Info: figures/PubBiPo212EvsT.pdf  used on input line 346.
(pdftex.def)             Requested size: 493.2442pt x 111.3552pt.

Overfull \hbox (23.48918pt too wide) in paragraph at lines 346--347
 [][] 
 []

<figures/PubBiPo212EsmearvsT.pdf, id=1764, 569.12625pt x 128.48pt>
File: figures/PubBiPo212EsmearvsT.pdf Graphic file (type pdf)
<use figures/PubBiPo212EsmearvsT.pdf>
Package pdftex.def Info: figures/PubBiPo212EsmearvsT.pdf  used on input line 35
1.
(pdftex.def)             Requested size: 493.2442pt x 111.3552pt.

Overfull \hbox (23.48918pt too wide) in paragraph at lines 351--352
 [][] 
 []

[32

 <./figures/PubBiPo212EvsT.pdf, page is rotated 90 degrees> <./figures/PubBiPo2
12EsmearvsT.pdf, page is rotated 90 degrees>]
<figures/PubBiPo214EvsT.pdf, id=1856, 569.12625pt x 128.48pt>
File: figures/PubBiPo214EvsT.pdf Graphic file (type pdf)
<use figures/PubBiPo214EvsT.pdf>
Package pdftex.def Info: figures/PubBiPo214EvsT.pdf  used on input line 358.
(pdftex.def)             Requested size: 493.2442pt x 111.3552pt.

Overfull \hbox (23.48918pt too wide) in paragraph at lines 358--359
 [][] 
 []

<figures/PubBiPo214EsmearvsT.pdf, id=1857, 569.12625pt x 128.48pt>
File: figures/PubBiPo214EsmearvsT.pdf Graphic file (type pdf)
<use figures/PubBiPo214EsmearvsT.pdf>
Package pdftex.def Info: figures/PubBiPo214EsmearvsT.pdf  used on input line 36
3.
(pdftex.def)             Requested size: 493.2442pt x 111.3552pt.

Overfull \hbox (23.48918pt too wide) in paragraph at lines 363--364
 [][] 
 []

[33 <./figures/PubBiPo214EvsT.pdf, page is rotated 90 degrees> <./figures/PubBi
Po214EsmearvsT.pdf, page is rotated 90 degrees>]
<figures/PubBiPo212EresvsT.pdf, id=1948, 569.12625pt x 128.48pt>
File: figures/PubBiPo212EresvsT.pdf Graphic file (type pdf)
<use figures/PubBiPo212EresvsT.pdf>
Package pdftex.def Info: figures/PubBiPo212EresvsT.pdf  used on input line 372.

(pdftex.def)             Requested size: 493.2442pt x 111.3552pt.

Overfull \hbox (23.48918pt too wide) in paragraph at lines 372--373
 [][] 
 []

<figures/PubBiPo212EsmearresvsT.pdf, id=1949, 569.12625pt x 128.48pt>
File: figures/PubBiPo212EsmearresvsT.pdf Graphic file (type pdf)
<use figures/PubBiPo212EsmearresvsT.pdf>
Package pdftex.def Info: figures/PubBiPo212EsmearresvsT.pdf  used on input line
 377.
(pdftex.def)             Requested size: 493.2442pt x 111.3552pt.

Overfull \hbox (23.48918pt too wide) in paragraph at lines 377--378
 [][] 
 []

[34 <./figures/PubBiPo212EresvsT.pdf, page is rotated 90 degrees> <./figures/Pu
bBiPo212EsmearresvsT.pdf, page is rotated 90 degrees>]
<figures/PubBiPo214EresvsT.pdf, id=2041, 569.12625pt x 128.48pt>
File: figures/PubBiPo214EresvsT.pdf Graphic file (type pdf)
<use figures/PubBiPo214EresvsT.pdf>
Package pdftex.def Info: figures/PubBiPo214EresvsT.pdf  used on input line 384.

(pdftex.def)             Requested size: 493.2442pt x 111.3552pt.

Overfull \hbox (23.48918pt too wide) in paragraph at lines 384--385
 [][] 
 []

<figures/PubBiPo214EsmearresvsT.pdf, id=2042, 569.12625pt x 128.48pt>
File: figures/PubBiPo214EsmearresvsT.pdf Graphic file (type pdf)
<use figures/PubBiPo214EsmearresvsT.pdf>
Package pdftex.def Info: figures/PubBiPo214EsmearresvsT.pdf  used on input line
 389.
(pdftex.def)             Requested size: 493.2442pt x 111.3552pt.

Overfull \hbox (23.48918pt too wide) in paragraph at lines 389--390
 [][] 
 []

[35

 <./figures/PubBiPo214EresvsT.pdf, page is rotated 90 degrees> <./figures/PubBi
Po214EsmearresvsT.pdf, page is rotated 90 degrees>]
<figures/PubBiPo212ZrmsvsT.pdf, id=2133, 569.12625pt x 128.48pt>
File: figures/PubBiPo212ZrmsvsT.pdf Graphic file (type pdf)
<use figures/PubBiPo212ZrmsvsT.pdf>
Package pdftex.def Info: figures/PubBiPo212ZrmsvsT.pdf  used on input line 398.

(pdftex.def)             Requested size: 493.2442pt x 111.3552pt.

Overfull \hbox (23.48918pt too wide) in paragraph at lines 398--399
 [][] 
 []

<figures/PubBiPo214ZrmsvsT.pdf, id=2134, 569.12625pt x 128.48pt>
File: figures/PubBiPo214ZrmsvsT.pdf Graphic file (type pdf)
<use figures/PubBiPo214ZrmsvsT.pdf>
Package pdftex.def Info: figures/PubBiPo214ZrmsvsT.pdf  used on input line 403.

(pdftex.def)             Requested size: 493.2442pt x 111.3552pt.

Overfull \hbox (23.48918pt too wide) in paragraph at lines 403--404
 [][] 
 []

[36

 <./figures/PubBiPo212ZrmsvsT.pdf, page is rotated 90 degrees> <./figures/PubBi
Po214ZrmsvsT.pdf, page is rotated 90 degrees>]
<figures/PubBiPo212ZresvsT.pdf, id=2226, 569.12625pt x 128.48pt>
File: figures/PubBiPo212ZresvsT.pdf Graphic file (type pdf)
<use figures/PubBiPo212ZresvsT.pdf>
Package pdftex.def Info: figures/PubBiPo212ZresvsT.pdf  used on input line 411.

(pdftex.def)             Requested size: 493.2442pt x 111.3552pt.

Overfull \hbox (23.48918pt too wide) in paragraph at lines 411--412
 [][] 
 []

<figures/PubBiPo214ZresvsT.pdf, id=2227, 569.12625pt x 128.48pt>
File: figures/PubBiPo214ZresvsT.pdf Graphic file (type pdf)
<use figures/PubBiPo214ZresvsT.pdf>
Package pdftex.def Info: figures/PubBiPo214ZresvsT.pdf  used on input line 416.

(pdftex.def)             Requested size: 493.2442pt x 111.3552pt.

Overfull \hbox (23.48918pt too wide) in paragraph at lines 416--417
 [][] 
 []

[37 <./figures/PubBiPo212ZresvsT.pdf, page is rotated 90 degrees> <./figures/Pu
bBiPo214ZresvsT.pdf, page is rotated 90 degrees>]
<figures/PubBiPo212AlphaE.pdf, id=2319, 569.12625pt x 407.5225pt>
File: figures/PubBiPo212AlphaE.pdf Graphic file (type pdf)
<use figures/PubBiPo212AlphaE.pdf>
Package pdftex.def Info: figures/PubBiPo212AlphaE.pdf  used on input line 426.
(pdftex.def)             Requested size: 263.06166pt x 188.37048pt.
<figures/PubBiPo214AlphaE.pdf, id=2320, 569.12625pt x 407.5225pt>
File: figures/PubBiPo214AlphaE.pdf Graphic file (type pdf)
<use figures/PubBiPo214AlphaE.pdf>
Package pdftex.def Info: figures/PubBiPo214AlphaE.pdf  used on input line 431.
(pdftex.def)             Requested size: 263.06166pt x 188.37048pt.
 [38 <./figures/PubBiPo212AlphaE.pdf, page is rotated 90 degrees> <./figures/Pu
bBiPo214AlphaE.pdf, page is rotated 90 degrees>]
<figures/PubBiPo212BetaE.pdf, id=2411, 569.12625pt x 407.5225pt>
File: figures/PubBiPo212BetaE.pdf Graphic file (type pdf)
<use figures/PubBiPo212BetaE.pdf>
Package pdftex.def Info: figures/PubBiPo212BetaE.pdf  used on input line 440.
(pdftex.def)             Requested size: 328.82707pt x 235.46777pt.
<figures/PubBi214BetaEsimCompare.pdf, id=2412, 569.12625pt x 178.6675pt>
File: figures/PubBi214BetaEsimCompare.pdf Graphic file (type pdf)
<use figures/PubBi214BetaEsimCompare.pdf>
Package pdftex.def Info: figures/PubBi214BetaEsimCompare.pdf  used on input lin
e 445.
(pdftex.def)             Requested size: 469.75502pt x 147.47882pt.
 [39

 <./figures/PubBiPo212BetaE.pdf, page is rotated 90 degrees> <./figures/PubBi21
4BetaEsimCompare.pdf, page is rotated 90 degrees>]
<figures/PubBiPo212Zdistribution.pdf, id=2504, 569.12625pt x 478.78876pt>
File: figures/PubBiPo212Zdistribution.pdf Graphic file (type pdf)
<use figures/PubBiPo212Zdistribution.pdf>
Package pdftex.def Info: figures/PubBiPo212Zdistribution.pdf  used on input lin
e 455.
(pdftex.def)             Requested size: 281.85587pt x 237.12901pt.
<figures/PubBiPo214Zdistribution.pdf, id=2505, 569.12625pt x 478.78876pt>
File: figures/PubBiPo214Zdistribution.pdf Graphic file (type pdf)
<use figures/PubBiPo214Zdistribution.pdf>
Package pdftex.def Info: figures/PubBiPo214Zdistribution.pdf  used on input lin
e 460.
(pdftex.def)             Requested size: 281.85587pt x 237.12901pt.

[40

 <./figures/PubBiPo212Zdistribution.pdf, page is rotated 90 degrees> <./figures
/PubBiPo214Zdistribution.pdf, page is rotated 90 degrees>]
<figures/PubBiPo212dZ.pdf, id=2596, 569.12625pt x 478.78876pt>
File: figures/PubBiPo212dZ.pdf Graphic file (type pdf)
<use figures/PubBiPo212dZ.pdf>
Package pdftex.def Info: figures/PubBiPo212dZ.pdf  used on input line 468.
(pdftex.def)             Requested size: 258.36668pt x 217.36703pt.
<figures/PubBiPo214dZ.pdf, id=2597, 569.12625pt x 478.78876pt>
File: figures/PubBiPo214dZ.pdf Graphic file (type pdf)
<use figures/PubBiPo214dZ.pdf>
Package pdftex.def Info: figures/PubBiPo214dZ.pdf  used on input line 473.
(pdftex.def)             Requested size: 258.36668pt x 217.36703pt.
 [41 <./figures/PubBiPo212dZ.pdf, page is rotated 90 degrees> <./figures/PubBiP
o214dZ.pdf, page is rotated 90 degrees>]

LaTeX Warning: Reference `ig:BetaE214Chisq' on page 42 undefined on input line 
483.

<figures/Bi214BetaSpectrumDataMC.pdf, id=2690, 569.12625pt x 203.76125pt>
File: figures/Bi214BetaSpectrumDataMC.pdf Graphic file (type pdf)
<use figures/Bi214BetaSpectrumDataMC.pdf>
Package pdftex.def Info: figures/Bi214BetaSpectrumDataMC.pdf  used on input lin
e 486.
(pdftex.def)             Requested size: 469.75502pt x 168.19215pt.
<figures/Bi214BetaSpectrumChisq.pdf, id=2691, 569.12625pt x 383.4325pt>
File: figures/Bi214BetaSpectrumChisq.pdf Graphic file (type pdf)
<use figures/Bi214BetaSpectrumChisq.pdf>
Package pdftex.def Info: figures/Bi214BetaSpectrumChisq.pdf  used on input line
 491.
(pdftex.def)             Requested size: 319.42996pt x 215.21805pt.

LaTeX Warning: `!h' float specifier changed to `!ht'.

<figures/BiPo212AlphaPSDvsE.pdf, id=2692, 569.12625pt x 407.5225pt>
File: figures/BiPo212AlphaPSDvsE.pdf Graphic file (type pdf)
<use figures/BiPo212AlphaPSDvsE.pdf>
Package pdftex.def Info: figures/BiPo212AlphaPSDvsE.pdf  used on input line 498
.
(pdftex.def)             Requested size: 328.82707pt x 235.46777pt.

LaTeX Warning: `!h' float specifier changed to `!ht'.

<figures/BiPo214AlphaPSDvsE.pdf, id=2693, 569.12625pt x 407.5225pt>
File: figures/BiPo214AlphaPSDvsE.pdf Graphic file (type pdf)
<use figures/BiPo214AlphaPSDvsE.pdf>
Package pdftex.def Info: figures/BiPo214AlphaPSDvsE.pdf  used on input line 503
.
(pdftex.def)             Requested size: 328.82707pt x 235.46777pt.

LaTeX Warning: `!h' float specifier changed to `!ht'.

<figures/BiPo212BetaPSDvsE.pdf, id=2694, 569.12625pt x 407.5225pt>
File: figures/BiPo212BetaPSDvsE.pdf Graphic file (type pdf)
<use figures/BiPo212BetaPSDvsE.pdf>
Package pdftex.def Info: figures/BiPo212BetaPSDvsE.pdf  used on input line 508.

(pdftex.def)             Requested size: 328.82707pt x 235.46777pt.
<figures/BiPo214BetaPSDvsE.pdf, id=2695, 569.12625pt x 407.5225pt>
File: figures/BiPo214BetaPSDvsE.pdf Graphic file (type pdf)
<use figures/BiPo214BetaPSDvsE.pdf>
Package pdftex.def Info: figures/BiPo214BetaPSDvsE.pdf  used on input line 513.

(pdftex.def)             Requested size: 328.82707pt x 235.46777pt.
<figures/BiPo212DeltaTSpectrum.pdf, id=2696, 569.12625pt x 407.5225pt>
File: figures/BiPo212DeltaTSpectrum.pdf Graphic file (type pdf)
<use figures/BiPo212DeltaTSpectrum.pdf>
Package pdftex.def Info: figures/BiPo212DeltaTSpectrum.pdf  used on input line 
518.
(pdftex.def)             Requested size: 328.82707pt x 235.46777pt.
<figures/BiPo214DeltaTSpectrum.pdf, id=2697, 569.12625pt x 407.5225pt>
File: figures/BiPo214DeltaTSpectrum.pdf Graphic file (type pdf)
<use figures/BiPo214DeltaTSpectrum.pdf>
Package pdftex.def Info: figures/BiPo214DeltaTSpectrum.pdf  used on input line 
525.
(pdftex.def)             Requested size: 328.82707pt x 235.46777pt.
[42 <./figures/Bi214BetaSpectrumDataMC.pdf, page is rotated 90 degrees>]
[43 <./figures/Bi214BetaSpectrumChisq.pdf, page is rotated 90 degrees> <./figur
es/BiPo212AlphaPSDvsE.pdf, page is rotated 90 degrees>] [44 <./figures/BiPo214A
lphaPSDvsE.pdf, page is rotated 90 degrees> <./figures/BiPo212BetaPSDvsE.pdf, p
age is rotated 90 degrees>] [45 <./figures/BiPo214BetaPSDvsE.pdf, page is rotat
ed 90 degrees> <./figures/BiPo212DeltaTSpectrum.pdf, page is rotated 90 degrees
>] [46 <./figures/BiPo214DeltaTSpectrum.pdf, page is rotated 90 degrees>]
<figures/BiPo1HeatMap.pdf, id=3065, 569.12625pt x 407.5225pt>
File: figures/BiPo1HeatMap.pdf Graphic file (type pdf)
<use figures/BiPo1HeatMap.pdf>
Package pdftex.def Info: figures/BiPo1HeatMap.pdf  used on input line 534.
(pdftex.def)             Requested size: 375.80544pt x 269.10869pt.
<figures/BiPo0HeatMap.pdf, id=3066, 569.12625pt x 407.5225pt>
File: figures/BiPo0HeatMap.pdf Graphic file (type pdf)
<use figures/BiPo0HeatMap.pdf>
Package pdftex.def Info: figures/BiPo0HeatMap.pdf  used on input line 541.
(pdftex.def)             Requested size: 375.80544pt x 269.10869pt.


LaTeX Warning: Text page 47 contains only floats.


Overfull \vbox (2.78734pt too high) has occurred while \output is active []


[47

 <./figures/BiPo1HeatMap.pdf, page is rotated 90 degrees> <./figures/BiPo0HeatM
ap.pdf, page is rotated 90 degrees>] (./main.bbl

LaTeX Warning: Empty `thebibliography' environment on input line 3.

)

FiXme Summary: Number of notes: 0,
(FiXme)        Number of warnings: 0,
(FiXme)        Number of errors: 0,
(FiXme)        Number of fatal errors: 0,
(FiXme)        Total: 0.

Package atveryend Info: Empty hook `BeforeClearDocument' on input line 554.
[48

]
Package atveryend Info: Empty hook `AfterLastShipout' on input line 554.
 (./main.aux)
Package atveryend Info: Executing hook `AtVeryEndDocument' on input line 554.
Package atveryend Info: Executing hook `AtEndAfterFileList' on input line 554.
Package rerunfilecheck Info: File `main.out' has not changed.
(rerunfilecheck)             Checksum: B0030E7504C055B488702CD0E80ABCC4;2417.


LaTeX Warning: There were undefined references.

Package atveryend Info: Empty hook `AtVeryVeryEnd' on input line 554.
 ) 
Here is how much of TeX's memory you used:
 19511 strings out of 494880
 361908 string characters out of 6179602
 491597 words of memory out of 5000000
 22404 multiletter control sequences out of 15000+600000
 537291 words of font info for 46 fonts, out of 8000000 for 9000
 36 hyphenation exceptions out of 8191
 43i,16n,77p,10453b,453s stack positions out of 5000i,500n,10000p,200000b,80000s
 </home/jonesdc/.texlive2017/texmf-var/fonts/pk/ljfour/jknappen/ec/tcrm1200.6
00pk></usr/share/texlive/texmf-dist/fonts/type1/public/amsfonts/cm/cmbx12.pfb><
/usr/share/texlive/texmf-dist/fonts/type1/public/amsfonts/cm/cmex10.pfb></usr/s
hare/texlive/texmf-dist/fonts/type1/public/amsfonts/cm/cmmi10.pfb></usr/share/t
exlive/texmf-dist/fonts/type1/public/amsfonts/cm/cmmi12.pfb></usr/share/texlive
/texmf-dist/fonts/type1/public/amsfonts/cm/cmmi8.pfb></usr/share/texlive/texmf-
dist/fonts/type1/public/amsfonts/cm/cmr10.pfb></usr/share/texlive/texmf-dist/fo
nts/type1/public/amsfonts/cm/cmr12.pfb></usr/share/texlive/texmf-dist/fonts/typ
e1/public/amsfonts/cm/cmr7.pfb></usr/share/texlive/texmf-dist/fonts/type1/publi
c/amsfonts/cm/cmr8.pfb></usr/share/texlive/texmf-dist/fonts/type1/public/amsfon
ts/cm/cmsy10.pfb></usr/share/texlive/texmf-dist/fonts/type1/public/amsfonts/cm/
cmsy8.pfb></usr/share/texlive/texmf-dist/fonts/type1/public/amsfonts/cm/cmti12.
pfb>
Output written on main.pdf (49 pages, 1953943 bytes).
PDF statistics:
 3245 PDF objects out of 3580 (max. 8388607)
 1732 compressed objects within 18 object streams
 159 named destinations out of 1000 (max. 500000)
 537 words of extra memory for PDF output out of 10000 (max. 10000000)

