This is pdfTeX, Version 3.14159265-2.6-1.40.16 (TeX Live 2015/Debian) (preloaded format=pdflatex 2018.10.12)  23 OCT 2018 12:54
entering extended mode
 restricted \write18 enabled.
 %&-line parsing enabled.
**main.tex
(./main.tex
LaTeX2e <2016/02/01>
Babel <3.9q> and hyphenation patterns for 81 language(s) loaded.
(./frontmatter/preamble.tex
(/usr/share/texlive/texmf-dist/tex/latex/base/article.cls
Document Class: article 2014/09/29 v1.4h Standard LaTeX document class
(/usr/share/texlive/texmf-dist/tex/latex/base/size12.clo
File: size12.clo 2014/09/29 v1.4h Standard LaTeX file (size option)
)
\c@part=\count79
\c@section=\count80
\c@subsection=\count81
\c@subsubsection=\count82
\c@paragraph=\count83
\c@subparagraph=\count84
\c@figure=\count85
\c@table=\count86
\abovecaptionskip=\skip41
\belowcaptionskip=\skip42
\bibindent=\dimen102
)
(/usr/share/texlive/texmf-dist/tex/latex/setspace/setspace.sty
Package: setspace 2011/12/19 v6.7a set line spacing
)
(/usr/share/texlive/texmf-dist/tex/latex/preprint/fullpage.sty
Package: fullpage 1999/02/23 1.1 (PWD)
\FP@margin=\skip43
)
(/usr/share/texlive/texmf-dist/tex/latex/graphics/graphicx.sty
Package: graphicx 2014/10/28 v1.0g Enhanced LaTeX Graphics (DPC,SPQR)

(/usr/share/texlive/texmf-dist/tex/latex/graphics/keyval.sty
Package: keyval 2014/10/28 v1.15 key=value parser (DPC)
\KV@toks@=\toks14
)
(/usr/share/texlive/texmf-dist/tex/latex/graphics/graphics.sty
Package: graphics 2016/01/03 v1.0q Standard LaTeX Graphics (DPC,SPQR)

(/usr/share/texlive/texmf-dist/tex/latex/graphics/trig.sty
Package: trig 2016/01/03 v1.10 sin cos tan (DPC)
)
(/usr/share/texlive/texmf-dist/tex/latex/latexconfig/graphics.cfg
File: graphics.cfg 2010/04/23 v1.9 graphics configuration of TeX Live
)
Package graphics Info: Driver file: pdftex.def on input line 95.

(/usr/share/texlive/texmf-dist/tex/latex/pdftex-def/pdftex.def
File: pdftex.def 2011/05/27 v0.06d Graphics/color for pdfTeX

(/usr/share/texlive/texmf-dist/tex/generic/oberdiek/infwarerr.sty
Package: infwarerr 2010/04/08 v1.3 Providing info/warning/error messages (HO)
)
(/usr/share/texlive/texmf-dist/tex/generic/oberdiek/ltxcmds.sty
Package: ltxcmds 2011/11/09 v1.22 LaTeX kernel commands for general use (HO)
)
\Gread@gobject=\count87
))
\Gin@req@height=\dimen103
\Gin@req@width=\dimen104
)
(/usr/share/texlive/texmf-dist/tex/latex/xcolor/xcolor.sty
Package: xcolor 2007/01/21 v2.11 LaTeX color extensions (UK)

(/usr/share/texlive/texmf-dist/tex/latex/latexconfig/color.cfg
File: color.cfg 2007/01/18 v1.5 color configuration of teTeX/TeXLive
)
Package xcolor Info: Driver file: pdftex.def on input line 225.
Package xcolor Info: Model `cmy' substituted by `cmy0' on input line 1337.
Package xcolor Info: Model `hsb' substituted by `rgb' on input line 1341.
Package xcolor Info: Model `RGB' extended on input line 1353.
Package xcolor Info: Model `HTML' substituted by `rgb' on input line 1355.
Package xcolor Info: Model `Hsb' substituted by `hsb' on input line 1356.
Package xcolor Info: Model `tHsb' substituted by `hsb' on input line 1357.
Package xcolor Info: Model `HSB' substituted by `hsb' on input line 1358.
Package xcolor Info: Model `Gray' substituted by `gray' on input line 1359.
Package xcolor Info: Model `wave' substituted by `hsb' on input line 1360.
)
(/usr/share/texlive/texmf-dist/tex/latex/colortbl/colortbl.sty
Package: colortbl 2012/02/13 v1.0a Color table columns (DPC)

(/usr/share/texlive/texmf-dist/tex/latex/tools/array.sty
Package: array 2014/10/28 v2.4c Tabular extension package (FMi)
\col@sep=\dimen105
\extrarowheight=\dimen106
\NC@list=\toks15
\extratabsurround=\skip44
\backup@length=\skip45
)
\everycr=\toks16
\minrowclearance=\skip46
)
(/usr/share/texlive/texmf-dist/tex/latex/enumitem/enumitem.sty
Package: enumitem 2011/09/28 v3.5.2 Customized lists
\labelindent=\skip47
\enit@outerparindent=\dimen107
\enit@toks=\toks17
\enit@inbox=\box26
\enitdp@description=\count88
)
(/usr/share/texlive/texmf-dist/tex/latex/mathtools/mathtools.sty
Package: mathtools 2015/11/12 v1.18 mathematical typesetting tools

(/usr/share/texlive/texmf-dist/tex/latex/tools/calc.sty
Package: calc 2014/10/28 v4.3 Infix arithmetic (KKT,FJ)
\calc@Acount=\count89
\calc@Bcount=\count90
\calc@Adimen=\dimen108
\calc@Bdimen=\dimen109
\calc@Askip=\skip48
\calc@Bskip=\skip49
LaTeX Info: Redefining \setlength on input line 80.
LaTeX Info: Redefining \addtolength on input line 81.
\calc@Ccount=\count91
\calc@Cskip=\skip50
)
(/usr/share/texlive/texmf-dist/tex/latex/mathtools/mhsetup.sty
Package: mhsetup 2010/01/21 v1.2a programming setup (MH)
)
(/usr/share/texlive/texmf-dist/tex/latex/amsmath/amsmath.sty
Package: amsmath 2016/03/03 v2.15a AMS math features
\@mathmargin=\skip51

For additional information on amsmath, use the `?' option.
(/usr/share/texlive/texmf-dist/tex/latex/amsmath/amstext.sty
Package: amstext 2000/06/29 v2.01 AMS text

(/usr/share/texlive/texmf-dist/tex/latex/amsmath/amsgen.sty
File: amsgen.sty 1999/11/30 v2.0 generic functions
\@emptytoks=\toks18
\ex@=\dimen110
))
(/usr/share/texlive/texmf-dist/tex/latex/amsmath/amsbsy.sty
Package: amsbsy 1999/11/29 v1.2d Bold Symbols
\pmbraise@=\dimen111
)
(/usr/share/texlive/texmf-dist/tex/latex/amsmath/amsopn.sty
Package: amsopn 1999/12/14 v2.01 operator names
)
\inf@bad=\count92
LaTeX Info: Redefining \frac on input line 199.
\uproot@=\count93
\leftroot@=\count94
LaTeX Info: Redefining \overline on input line 297.
\classnum@=\count95
\DOTSCASE@=\count96
LaTeX Info: Redefining \ldots on input line 394.
LaTeX Info: Redefining \dots on input line 397.
LaTeX Info: Redefining \cdots on input line 518.
\Mathstrutbox@=\box27
\strutbox@=\box28
\big@size=\dimen112
LaTeX Font Info:    Redeclaring font encoding OML on input line 630.
LaTeX Font Info:    Redeclaring font encoding OMS on input line 631.
\macc@depth=\count97
\c@MaxMatrixCols=\count98
\dotsspace@=\muskip10
\c@parentequation=\count99
\dspbrk@lvl=\count100
\tag@help=\toks19
\row@=\count101
\column@=\count102
\maxfields@=\count103
\andhelp@=\toks20
\eqnshift@=\dimen113
\alignsep@=\dimen114
\tagshift@=\dimen115
\tagwidth@=\dimen116
\totwidth@=\dimen117
\lineht@=\dimen118
\@envbody=\toks21
\multlinegap=\skip52
\multlinetaggap=\skip53
\mathdisplay@stack=\toks22
LaTeX Info: Redefining \[ on input line 2735.
LaTeX Info: Redefining \] on input line 2736.
)
LaTeX Info: Thecontrolsequence`\('isalreadyrobust on input line 129.
LaTeX Info: Thecontrolsequence`\)'isalreadyrobust on input line 129.
LaTeX Info: Thecontrolsequence`\['isalreadyrobust on input line 129.
LaTeX Info: Thecontrolsequence`\]'isalreadyrobust on input line 129.
\g_MT_multlinerow_int=\count104
\l_MT_multwidth_dim=\dimen119
\origjot=\skip54
\l_MT_shortvdotswithinadjustabove_dim=\dimen120
\l_MT_shortvdotswithinadjustbelow_dim=\dimen121
\l_MT_above_intertext_sep=\dimen122
\l_MT_below_intertext_sep=\dimen123
\l_MT_above_shortintertext_sep=\dimen124
\l_MT_below_shortintertext_sep=\dimen125
)
(/usr/share/texlive/texmf-dist/tex/latex/placeins/placeins.sty
Package: placeins 2005/04/18  v 2.2
)
(/usr/share/texlive/texmf-dist/tex/latex/caption/caption.sty
Package: caption 2016/02/21 v3.3-144 Customizing captions (AR)

(/usr/share/texlive/texmf-dist/tex/latex/caption/caption3.sty
Package: caption3 2016/02/04 v1.7-139 caption3 kernel (AR)
Package caption3 Info: TeX engine: e-TeX on input line 67.
\captionmargin=\dimen126
\captionmargin@=\dimen127
\captionwidth=\dimen128
\caption@tempdima=\dimen129
\caption@indent=\dimen130
\caption@parindent=\dimen131
\caption@hangindent=\dimen132
)
\c@ContinuedFloat=\count105
)
(/usr/share/texlive/texmf-dist/tex/latex/subfigure/subfigure.sty
Package: subfigure 2002/03/15 v2.1.5 subfigure package
\subfigtopskip=\skip55
\subfigcapskip=\skip56
\subfigcaptopadj=\dimen133
\subfigbottomskip=\skip57
\subfigcapmargin=\dimen134
\subfiglabelskip=\skip58
\c@subfigure=\count106
\c@lofdepth=\count107
\c@subtable=\count108
\c@lotdepth=\count109

****************************************
* Local config file subfigure.cfg used *
****************************************
(/usr/share/texlive/texmf-dist/tex/latex/subfigure/subfigure.cfg)
\subfig@top=\skip59
\subfig@bottom=\skip60
)
(/usr/share/texlive/texmf-dist/tex/latex/multirow/multirow.sty
\bigstrutjot=\dimen135
)
(/usr/share/texlive/texmf-dist/tex/latex/units/units.sty
Package: units 1998/08/04 v0.9b Typesetting units

(/usr/share/texlive/texmf-dist/tex/latex/base/ifthen.sty
Package: ifthen 2014/09/29 v1.1c Standard LaTeX ifthen package (DPC)
)
(/usr/share/texlive/texmf-dist/tex/latex/units/nicefrac.sty
Package: nicefrac 1998/08/04 v0.9b Nice fractions
\L@UnitsRaiseDisplaystyle=\skip61
\L@UnitsRaiseTextstyle=\skip62
\L@UnitsRaiseScriptstyle=\skip63
))
(/usr/share/texlive/texmf-dist/tex/latex/l3packages/xfrac/xfrac.sty
(/usr/share/texlive/texmf-dist/tex/latex/l3kernel/expl3.sty
Package: expl3 2016/01/19 v6377 L3 programming layer (loader) 

(/usr/share/texlive/texmf-dist/tex/latex/l3kernel/expl3-code.tex
Package: expl3 2016/01/19 v6377 L3 programming layer (code)
L3 Module: l3bootstrap 2016/01/01 v6339 L3 Bootstrap code
L3 Module: l3names 2015/12/21 v6328 L3 Namespace for primitives
L3 Module: l3basics 2015/11/22 v6315 L3 Basic definitions
L3 Module: l3expan 2015/09/10 v5983 L3 Argument expansion
L3 Module: l3tl 2015/09/29 v6121 L3 Token lists
L3 Module: l3str 2016/01/03 v6357 L3 Strings
L3 Module: l3seq 2015/08/05 v5777 L3 Sequences and stacks
L3 Module: l3int 2016/01/05 v6366 L3 Integers
\c_max_int=\count110
\l_tmpa_int=\count111
\l_tmpb_int=\count112
\g_tmpa_int=\count113
\g_tmpb_int=\count114
L3 Module: l3quark 2015/08/17 v5855 L3 Quarks
L3 Module: l3prg 2015/11/01 v6216 L3 Control structures
\g__prg_map_int=\count115
L3 Module: l3clist 2015/09/02 v5901 L3 Comma separated lists
L3 Module: l3token 2015/11/11 v6249 L3 Experimental token manipulation
L3 Module: l3prop 2016/01/05 v6366 L3 Property lists
L3 Module: l3msg 2015/09/28 v6113 L3 Messages
L3 Module: l3file 2015/12/03 v6317 L3 File and I/O operations
\l_iow_line_count_int=\count116
\l__iow_target_count_int=\count117
\l__iow_current_line_int=\count118
\l__iow_current_word_int=\count119
\l__iow_current_indentation_int=\count120
L3 Module: l3skip 2016/01/05 v6366 L3 Dimensions and skips
\c_zero_dim=\dimen136
\c_max_dim=\dimen137
\l_tmpa_dim=\dimen138
\l_tmpb_dim=\dimen139
\g_tmpa_dim=\dimen140
\g_tmpb_dim=\dimen141
\c_zero_skip=\skip64
\c_max_skip=\skip65
\l_tmpa_skip=\skip66
\l_tmpb_skip=\skip67
\g_tmpa_skip=\skip68
\g_tmpb_skip=\skip69
\c_zero_muskip=\muskip11
\c_max_muskip=\muskip12
\l_tmpa_muskip=\muskip13
\l_tmpb_muskip=\muskip14
\g_tmpa_muskip=\muskip15
\g_tmpb_muskip=\muskip16
L3 Module: l3keys 2015/11/17 v6284 L3 Key-value interfaces
\g__keyval_level_int=\count121
\l_keys_choice_int=\count122
L3 Module: l3fp 2015/08/25 v5890 L3 Floating points
\c__fp_leading_shift_int=\count123
\c__fp_middle_shift_int=\count124
\c__fp_trailing_shift_int=\count125
\c__fp_big_leading_shift_int=\count126
\c__fp_big_middle_shift_int=\count127
\c__fp_big_trailing_shift_int=\count128
\c__fp_Bigg_leading_shift_int=\count129
\c__fp_Bigg_middle_shift_int=\count130
\c__fp_Bigg_trailing_shift_int=\count131
L3 Module: l3box 2015/08/09 v5822 L3 Experimental boxes
\c_empty_box=\box29
\l_tmpa_box=\box30
\l_tmpb_box=\box31
\g_tmpa_box=\box32
\g_tmpb_box=\box33
L3 Module: l3coffins 2015/08/06 v5789 L3 Coffin code layer
\l__coffin_internal_box=\box34
\l__coffin_internal_dim=\dimen142
\l__coffin_offset_x_dim=\dimen143
\l__coffin_offset_y_dim=\dimen144
\l__coffin_x_dim=\dimen145
\l__coffin_y_dim=\dimen146
\l__coffin_x_prime_dim=\dimen147
\l__coffin_y_prime_dim=\dimen148
\c_empty_coffin=\box35
\l__coffin_aligned_coffin=\box36
\l__coffin_aligned_internal_coffin=\box37
\l_tmpa_coffin=\box38
\l_tmpb_coffin=\box39
\l__coffin_display_coffin=\box40
\l__coffin_display_coord_coffin=\box41
\l__coffin_display_pole_coffin=\box42
\l__coffin_display_offset_dim=\dimen149
\l__coffin_display_x_dim=\dimen150
\l__coffin_display_y_dim=\dimen151
L3 Module: l3color 2014/08/23 v5354 L3 Experimental color support
L3 Module: l3sys 2015/09/25 v6087 L3 Experimental system/runtime functions
L3 Module: l3candidates 2016/01/14 v6376 L3 Experimental additions to l3kernel
\l__box_top_dim=\dimen152
\l__box_bottom_dim=\dimen153
\l__box_left_dim=\dimen154
\l__box_right_dim=\dimen155
\l__box_top_new_dim=\dimen156
\l__box_bottom_new_dim=\dimen157
\l__box_left_new_dim=\dimen158
\l__box_right_new_dim=\dimen159
\l__box_internal_box=\box43
\l__coffin_bounding_shift_dim=\dimen160
\l__coffin_left_corner_dim=\dimen161
\l__coffin_right_corner_dim=\dimen162
\l__coffin_bottom_corner_dim=\dimen163
\l__coffin_top_corner_dim=\dimen164
\l__coffin_scaled_total_height_dim=\dimen165
\l__coffin_scaled_width_dim=\dimen166
L3 Module: l3luatex 2015/11/11 v6250 L3 Experimental LuaTeX-specific functions
)
(/usr/share/texlive/texmf-dist/tex/latex/l3kernel/l3pdfmode.def
File: l3pdfmode.def 2015/11/11 v6250 L3 Experimental driver: PDF mode
\l__driver_color_stack_int=\count132
))
(/usr/share/texlive/texmf-dist/tex/latex/l3packages/l3keys2e/l3keys2e.sty
Package: l3keys2e 2016/01/19 v6377 LaTeX2e option processing using LaTeX3 keys
)
(/usr/share/texlive/texmf-dist/tex/latex/base/textcomp.sty
Package: textcomp 2005/09/27 v1.99g Standard LaTeX package
Package textcomp Info: Sub-encoding information:
(textcomp)               5 = only ISO-Adobe without \textcurrency
(textcomp)               4 = 5 + \texteuro
(textcomp)               3 = 4 + \textohm
(textcomp)               2 = 3 + \textestimated + \textcurrency
(textcomp)               1 = TS1 - \textcircled - \t
(textcomp)               0 = TS1 (full)
(textcomp)             Font families with sub-encoding setting implement
(textcomp)             only a restricted character set as indicated.
(textcomp)             Family '?' is the default used for unknown fonts.
(textcomp)             See the documentation for details.
Package textcomp Info: Setting ? sub-encoding to TS1/1 on input line 79.

(/usr/share/texlive/texmf-dist/tex/latex/base/ts1enc.def
File: ts1enc.def 2001/06/05 v3.0e (jk/car/fm) Standard LaTeX file
)
LaTeX Info: Redefining \oldstylenums on input line 334.
Package textcomp Info: Setting cmr sub-encoding to TS1/0 on input line 349.
Package textcomp Info: Setting cmss sub-encoding to TS1/0 on input line 350.
Package textcomp Info: Setting cmtt sub-encoding to TS1/0 on input line 351.
Package textcomp Info: Setting cmvtt sub-encoding to TS1/0 on input line 352.
Package textcomp Info: Setting cmbr sub-encoding to TS1/0 on input line 353.
Package textcomp Info: Setting cmtl sub-encoding to TS1/0 on input line 354.
Package textcomp Info: Setting ccr sub-encoding to TS1/0 on input line 355.
Package textcomp Info: Setting ptm sub-encoding to TS1/4 on input line 356.
Package textcomp Info: Setting pcr sub-encoding to TS1/4 on input line 357.
Package textcomp Info: Setting phv sub-encoding to TS1/4 on input line 358.
Package textcomp Info: Setting ppl sub-encoding to TS1/3 on input line 359.
Package textcomp Info: Setting pag sub-encoding to TS1/4 on input line 360.
Package textcomp Info: Setting pbk sub-encoding to TS1/4 on input line 361.
Package textcomp Info: Setting pnc sub-encoding to TS1/4 on input line 362.
Package textcomp Info: Setting pzc sub-encoding to TS1/4 on input line 363.
Package textcomp Info: Setting bch sub-encoding to TS1/4 on input line 364.
Package textcomp Info: Setting put sub-encoding to TS1/5 on input line 365.
Package textcomp Info: Setting uag sub-encoding to TS1/5 on input line 366.
Package textcomp Info: Setting ugq sub-encoding to TS1/5 on input line 367.
Package textcomp Info: Setting ul8 sub-encoding to TS1/4 on input line 368.
Package textcomp Info: Setting ul9 sub-encoding to TS1/4 on input line 369.
Package textcomp Info: Setting augie sub-encoding to TS1/5 on input line 370.
Package textcomp Info: Setting dayrom sub-encoding to TS1/3 on input line 371.
Package textcomp Info: Setting dayroms sub-encoding to TS1/3 on input line 372.

Package textcomp Info: Setting pxr sub-encoding to TS1/0 on input line 373.
Package textcomp Info: Setting pxss sub-encoding to TS1/0 on input line 374.
Package textcomp Info: Setting pxtt sub-encoding to TS1/0 on input line 375.
Package textcomp Info: Setting txr sub-encoding to TS1/0 on input line 376.
Package textcomp Info: Setting txss sub-encoding to TS1/0 on input line 377.
Package textcomp Info: Setting txtt sub-encoding to TS1/0 on input line 378.
Package textcomp Info: Setting lmr sub-encoding to TS1/0 on input line 379.
Package textcomp Info: Setting lmdh sub-encoding to TS1/0 on input line 380.
Package textcomp Info: Setting lmss sub-encoding to TS1/0 on input line 381.
Package textcomp Info: Setting lmssq sub-encoding to TS1/0 on input line 382.
Package textcomp Info: Setting lmvtt sub-encoding to TS1/0 on input line 383.
Package textcomp Info: Setting lmtt sub-encoding to TS1/0 on input line 384.
Package textcomp Info: Setting qhv sub-encoding to TS1/0 on input line 385.
Package textcomp Info: Setting qag sub-encoding to TS1/0 on input line 386.
Package textcomp Info: Setting qbk sub-encoding to TS1/0 on input line 387.
Package textcomp Info: Setting qcr sub-encoding to TS1/0 on input line 388.
Package textcomp Info: Setting qcs sub-encoding to TS1/0 on input line 389.
Package textcomp Info: Setting qpl sub-encoding to TS1/0 on input line 390.
Package textcomp Info: Setting qtm sub-encoding to TS1/0 on input line 391.
Package textcomp Info: Setting qzc sub-encoding to TS1/0 on input line 392.
Package textcomp Info: Setting qhvc sub-encoding to TS1/0 on input line 393.
Package textcomp Info: Setting futs sub-encoding to TS1/4 on input line 394.
Package textcomp Info: Setting futx sub-encoding to TS1/4 on input line 395.
Package textcomp Info: Setting futj sub-encoding to TS1/4 on input line 396.
Package textcomp Info: Setting hlh sub-encoding to TS1/3 on input line 397.
Package textcomp Info: Setting hls sub-encoding to TS1/3 on input line 398.
Package textcomp Info: Setting hlst sub-encoding to TS1/3 on input line 399.
Package textcomp Info: Setting hlct sub-encoding to TS1/5 on input line 400.
Package textcomp Info: Setting hlx sub-encoding to TS1/5 on input line 401.
Package textcomp Info: Setting hlce sub-encoding to TS1/5 on input line 402.
Package textcomp Info: Setting hlcn sub-encoding to TS1/5 on input line 403.
Package textcomp Info: Setting hlcw sub-encoding to TS1/5 on input line 404.
Package textcomp Info: Setting hlcf sub-encoding to TS1/5 on input line 405.
Package textcomp Info: Setting pplx sub-encoding to TS1/3 on input line 406.
Package textcomp Info: Setting pplj sub-encoding to TS1/3 on input line 407.
Package textcomp Info: Setting ptmx sub-encoding to TS1/4 on input line 408.
Package textcomp Info: Setting ptmj sub-encoding to TS1/4 on input line 409.
)
(/usr/share/texlive/texmf-dist/tex/latex/l3packages/xparse/xparse.sty
Package: xparse 2016/01/19 v6377 L3 Experimental document command parser
\l__xparse_current_arg_int=\count133
\l__xparse_m_args_int=\count134
\l__xparse_mandatory_args_int=\count135
\l__xparse_processor_int=\count136
\l__xparse_v_nesting_int=\count137
)
(/usr/share/texlive/texmf-dist/tex/latex/l3packages/xtemplate/xtemplate.sty
Package: xtemplate 2016/01/19 v6377 L3 Experimental prototype document function
s
\l__xtemplate_tmp_dim=\dimen167
\l__xtemplate_tmp_int=\count138
\l__xtemplate_tmp_muskip=\muskip17
\l__xtemplate_tmp_skip=\skip70
)
Package: xfrac 2016/01/19 v6377 L3 Experimental split-level fractions
\l__xfrac_slash_box=\box44
\l__xfrac_tmp_box=\box45
\l__xfrac_denominator_bot_sep_dim=\dimen168
\l__xfrac_numerator_bot_sep_dim=\dimen169
\l__xfrac_numerator_top_sep_dim=\dimen170
\l__xfrac_slash_left_sep_dim=\dimen171
\l__xfrac_slash_right_sep_dim=\dimen172
\l__xfrac_slash_left_muskip=\muskip18
\l__xfrac_slash_right_muskip=\muskip19
.................................................
. xtemplate info: "declare-object-type"
. 
. Declaring object type 'xfrac' taking 3 argument(s) on line 111.
.................................................
.................................................
. LaTeX info: "xparse/define-command"
. 
. Defining command \sfrac with sig. 'omom' on line 451.
.................................................
)
(/usr/share/texlive/texmf-dist/tex/latex/hyperref/hyperref.sty
Package: hyperref 2012/11/06 v6.83m Hypertext links for LaTeX

(/usr/share/texlive/texmf-dist/tex/generic/oberdiek/hobsub-hyperref.sty
Package: hobsub-hyperref 2012/05/28 v1.13 Bundle oberdiek, subset hyperref (HO)


(/usr/share/texlive/texmf-dist/tex/generic/oberdiek/hobsub-generic.sty
Package: hobsub-generic 2012/05/28 v1.13 Bundle oberdiek, subset generic (HO)
Package: hobsub 2012/05/28 v1.13 Construct package bundles (HO)
Package hobsub Info: Skipping package `infwarerr' (already loaded).
Package hobsub Info: Skipping package `ltxcmds' (already loaded).
Package: ifluatex 2010/03/01 v1.3 Provides the ifluatex switch (HO)
Package ifluatex Info: LuaTeX not detected.
Package: ifvtex 2010/03/01 v1.5 Detect VTeX and its facilities (HO)
Package ifvtex Info: VTeX not detected.
Package: intcalc 2007/09/27 v1.1 Expandable calculations with integers (HO)
Package: ifpdf 2011/01/30 v2.3 Provides the ifpdf switch (HO)
Package ifpdf Info: pdfTeX in PDF mode is detected.
Package: etexcmds 2011/02/16 v1.5 Avoid name clashes with e-TeX commands (HO)
Package etexcmds Info: Could not find \expanded.
(etexcmds)             That can mean that you are not using pdfTeX 1.50 or
(etexcmds)             that some package has redefined \expanded.
(etexcmds)             In the latter case, load this package earlier.
Package: kvsetkeys 2012/04/25 v1.16 Key value parser (HO)
Package: kvdefinekeys 2011/04/07 v1.3 Define keys (HO)
Package: pdftexcmds 2011/11/29 v0.20 Utility functions of pdfTeX for LuaTeX (HO
)
Package pdftexcmds Info: LuaTeX not detected.
Package pdftexcmds Info: \pdf@primitive is available.
Package pdftexcmds Info: \pdf@ifprimitive is available.
Package pdftexcmds Info: \pdfdraftmode found.
Package: pdfescape 2011/11/25 v1.13 Implements pdfTeX's escape features (HO)
Package: bigintcalc 2012/04/08 v1.3 Expandable calculations on big integers (HO
)
Package: bitset 2011/01/30 v1.1 Handle bit-vector datatype (HO)
Package: uniquecounter 2011/01/30 v1.2 Provide unlimited unique counter (HO)
)
Package hobsub Info: Skipping package `hobsub' (already loaded).
Package: letltxmacro 2010/09/02 v1.4 Let assignment for LaTeX macros (HO)
Package: hopatch 2012/05/28 v1.2 Wrapper for package hooks (HO)
Package: xcolor-patch 2011/01/30 xcolor patch
Package: atveryend 2011/06/30 v1.8 Hooks at the very end of document (HO)
Package atveryend Info: \enddocument detected (standard20110627).
Package: atbegshi 2011/10/05 v1.16 At begin shipout hook (HO)
Package: refcount 2011/10/16 v3.4 Data extraction from label references (HO)
Package: hycolor 2011/01/30 v1.7 Color options for hyperref/bookmark (HO)
)
(/usr/share/texlive/texmf-dist/tex/generic/ifxetex/ifxetex.sty
Package: ifxetex 2010/09/12 v0.6 Provides ifxetex conditional
)
(/usr/share/texlive/texmf-dist/tex/latex/oberdiek/auxhook.sty
Package: auxhook 2011/03/04 v1.3 Hooks for auxiliary files (HO)
)
(/usr/share/texlive/texmf-dist/tex/latex/oberdiek/kvoptions.sty
Package: kvoptions 2011/06/30 v3.11 Key value format for package options (HO)
)
\@linkdim=\dimen173
\Hy@linkcounter=\count139
\Hy@pagecounter=\count140

(/usr/share/texlive/texmf-dist/tex/latex/hyperref/pd1enc.def
File: pd1enc.def 2012/11/06 v6.83m Hyperref: PDFDocEncoding definition (HO)
)
\Hy@SavedSpaceFactor=\count141

(/usr/share/texlive/texmf-dist/tex/latex/latexconfig/hyperref.cfg
File: hyperref.cfg 2002/06/06 v1.2 hyperref configuration of TeXLive
)
Package hyperref Info: Option `colorlinks' set `true' on input line 4319.
Package hyperref Info: Hyper figures OFF on input line 4443.
Package hyperref Info: Link nesting OFF on input line 4448.
Package hyperref Info: Hyper index ON on input line 4451.
Package hyperref Info: Plain pages OFF on input line 4458.
Package hyperref Info: Backreferencing OFF on input line 4463.
Package hyperref Info: Implicit mode ON; LaTeX internals redefined.
Package hyperref Info: Bookmarks ON on input line 4688.
\c@Hy@tempcnt=\count142

(/usr/share/texlive/texmf-dist/tex/latex/url/url.sty
\Urlmuskip=\muskip20
Package: url 2013/09/16  ver 3.4  Verb mode for urls, etc.
)
LaTeX Info: Redefining \url on input line 5041.
\XeTeXLinkMargin=\dimen174
\Fld@menulength=\count143
\Field@Width=\dimen175
\Fld@charsize=\dimen176
Package hyperref Info: Hyper figures OFF on input line 6295.
Package hyperref Info: Link nesting OFF on input line 6300.
Package hyperref Info: Hyper index ON on input line 6303.
Package hyperref Info: backreferencing OFF on input line 6310.
Package hyperref Info: Link coloring ON on input line 6313.
Package hyperref Info: Link coloring with OCG OFF on input line 6320.
Package hyperref Info: PDF/A mode OFF on input line 6325.
LaTeX Info: Redefining \ref on input line 6365.
LaTeX Info: Redefining \pageref on input line 6369.
\Hy@abspage=\count144
\c@Item=\count145
\c@Hfootnote=\count146
)

Package hyperref Message: Driver (autodetected): hpdftex.

(/usr/share/texlive/texmf-dist/tex/latex/hyperref/hpdftex.def
File: hpdftex.def 2012/11/06 v6.83m Hyperref driver for pdfTeX
\Fld@listcount=\count147
\c@bookmark@seq@number=\count148

(/usr/share/texlive/texmf-dist/tex/latex/oberdiek/rerunfilecheck.sty
Package: rerunfilecheck 2011/04/15 v1.7 Rerun checks for auxiliary files (HO)
Package uniquecounter Info: New unique counter `rerunfilecheck' on input line 2
82.
)
\Hy@SectionHShift=\skip71
)
(/usr/share/texlive/texmf-dist/tex/latex/mhchem/mhchem.sty
Package: mhchem 2016/02/07 v4.04 for typesetting chemical formulae

(/usr/share/texlive/texmf-dist/tex/latex/l3experimental/l3str/l3regex.sty
Package: l3regex 2016/01/19 v6377 L3 Experimental regular expressions

(/usr/share/texlive/texmf-dist/tex/latex/l3experimental/l3str/l3tl-build.sty
Package: l3tl-build 2016/01/19 v6377 L3 Experimental token list construction
\l__tl_build_start_index_int=\count149
\l__tl_build_index_int=\count150
)
(/usr/share/texlive/texmf-dist/tex/latex/l3experimental/l3str/l3tl-analysis.sty
Package: l3tl-analysis 2015/11/09 v6244 L3 Experimental token lists analysis
\l__tl_analysis_normal_int=\count151
\l__tl_analysis_index_int=\count152
\l__tl_analysis_nesting_int=\count153
\l__tl_analysis_type_int=\count154
) (/usr/share/texlive/texmf-dist/tex/latex/l3experimental/l3str/l3flag.sty
Package: l3flag 2016/01/19 v6377 L3 Experimental flags
)
(/usr/share/texlive/texmf-dist/tex/latex/l3experimental/l3str/l3str-convert.sty
Package: l3str-convert 2015/09/26 v6106 L3 Experimental string encoding convers
ions
\l__str_internal_int=\count155
\c__str_replacement_char_int=\count156
)
\l__regex_internal_a_int=\count157
\l__regex_internal_b_int=\count158
\l__regex_internal_c_int=\count159
\l__regex_balance_int=\count160
\l__regex_group_level_int=\count161
\l__regex_mode_int=\count162
\l__regex_catcodes_int=\count163
\l__regex_default_catcodes_int=\count164
\c__regex_catcode_D_int=\count165
\c__regex_catcode_S_int=\count166
\c__regex_catcode_L_int=\count167
\c__regex_catcode_O_int=\count168
\c__regex_catcode_A_int=\count169
\c__regex_all_catcodes_int=\count170
\l__regex_show_lines_int=\count171
\l__regex_min_state_int=\count172
\l__regex_max_state_int=\count173
\l__regex_left_state_int=\count174
\l__regex_right_state_int=\count175
\l__regex_capturing_group_int=\count176
\l__regex_min_pos_int=\count177
\l__regex_max_pos_int=\count178
\l__regex_current_pos_int=\count179
\l__regex_start_pos_int=\count180
\l__regex_success_pos_int=\count181
\l__regex_current_char_int=\count182
\l__regex_current_catcode_int=\count183
\l__regex_last_char_int=\count184
\l__regex_case_changed_char_int=\count185
\l__regex_current_state_int=\count186
\l__regex_step_int=\count187
\l__regex_min_active_int=\count188
\l__regex_max_active_int=\count189
\l__regex_replacement_csnames_int=\count190
\l__regex_match_count_int=\count191
\l__regex_submatch_int=\count192
\l__regex_zeroth_submatch_int=\count193
) (/usr/share/texlive/texmf-dist/tex/latex/chemgreek/chemgreek.sty
Package: chemgreek 2016/02/10 v1.0e interfaceforuprightgreeklettersforuseinchem
istry (CN)
\l__chemgreek_tmpa_int=\count194
\g__chemgreek_tmpa_int=\count195
.................................................
. LaTeX info: "xparse/define-command"
. 
. Defining command \newchemgreekmapping with sig. 'O{}mm' on line 336.
.................................................
.................................................
. LaTeX info: "xparse/define-command"
. 
. Defining command \renewchemgreekmapping with sig. 'O{}mm' on line 339.
.................................................
.................................................
. LaTeX info: "xparse/define-command"
. 
. Defining command \declarechemgreekmapping with sig. 'O{}mm' on line 342.
.................................................
.................................................
. LaTeX info: "xparse/define-command"
. 
. Defining command \newchemgreekmappingalias with sig. 'mm' on line 347.
.................................................
.................................................
. LaTeX info: "xparse/define-command"
. 
. Defining command \renewchemgreekmappingalias with sig. 'mm' on line 350.
.................................................
.................................................
. LaTeX info: "xparse/define-command"
. 
. Defining command \declarechemgreekmappingalias with sig. 'mm' on line 353.
.................................................
.................................................
. LaTeX info: "xparse/define-command"
. 
. Defining command \changechemgreeksymbol with sig. 'mmmm' on line 383.
.................................................
.................................................
. LaTeX info: "xparse/define-command"
. 
. Defining command \chemgreekmappingsymbol with sig. 'mm' on line 477.
.................................................
.................................................
. LaTeX info: "xparse/define-command"
. 
. Defining command \activatechemgreekmapping with sig. 'sm' on line 486.
.................................................
.................................................
. LaTeX info: "xparse/define-command"
. 
. Defining command \selectchemgreekmapping with sig. 'm' on line 491.
.................................................
)
\l__mhchem_ce_distanceFromLastComma_int=\count196
\__mhchem_arrow_extPgfLength_skip=\skip72
\mhchem@minispace@tmp=\skip73
\mhchem@minibackspace@tmp=\skip74
\mhchem@bondwidth=\skip75
\mhchem@bondheight=\skip76
\mhchem@smallbondwidth@tmpA=\skip77
\mhchem@smallbondwidth@tmpB=\skip78
\mhchem@smallbondwidth=\skip79
\mhchem@bondtmp@minussidebearingleft=\skip80
\mhchem@bondtmp@minussidebearingright=\skip81
\l__mhchem_option_version_int=\count197
\mhchem@option@minusmathsidebearingleft=\dimen177
\mhchem@option@minusmathsidebearingright=\dimen178
\mhchem@option@minustextsidebearingleft=\dimen179
\mhchem@option@minustextsidebearingright=\dimen180
)
(/usr/share/texlive/texmf-dist/tex/latex/float/float.sty
Package: float 2001/11/08 v1.3d Float enhancements (AL)
\c@float@type=\count198
\float@exts=\toks23
\float@box=\box46
\@float@everytoks=\toks24
\@floatcapt=\box47
)
(/usr/share/texlive/texmf-dist/tex/latex/fixme/fixme.sty
Package: fixme 2013/01/28 v4.2 Collaborative annotations for LaTeX2e

(/usr/share/texlive/texmf-dist/tex/latex/tools/verbatim.sty
Package: verbatim 2014/10/28 v1.5q LaTeX2e package for verbatim enhancements
\every@verbatim=\toks25
\verbatim@line=\toks26
\verbatim@in@stream=\read1
)
(/usr/share/texlive/texmf-dist/tex/latex/xkeyval/xkeyval.sty
Package: xkeyval 2014/12/03 v2.7a package option processing (HA)

(/usr/share/texlive/texmf-dist/tex/generic/xkeyval/xkeyval.tex
(/usr/share/texlive/texmf-dist/tex/generic/xkeyval/xkvutils.tex
\XKV@toks=\toks27
\XKV@tempa@toks=\toks28
)
\XKV@depth=\count199
File: xkeyval.tex 2014/12/03 v2.7a key=value parser (HA)
))
\c@fixmecount=\count266
\c@fxnotecount=\count267
\c@fxwarningcount=\count268
\c@fxerrorcount=\count269
\c@fxfatalcount=\count270
)
(/usr/share/texlive/texmf-dist/tex/latex/fixme/themes/fxthemecolor.sty
Package: fxthemecolor 

(/usr/share/texlive/texmf-dist/tex/latex/fixme/layouts/env/fxenvlayoutcolor.sty
Package: fxenvlayoutcolor 
)
(/usr/share/texlive/texmf-dist/tex/latex/fixme/layouts/target/fxtargetlayoutcol
or.sty
Package: fxtargetlayoutcolor 
))) (./main.aux)
\openout1 = `main.aux'.

LaTeX Font Info:    Checking defaults for OML/cmm/m/it on input line 2.
LaTeX Font Info:    ... okay on input line 2.
LaTeX Font Info:    Checking defaults for T1/cmr/m/n on input line 2.
LaTeX Font Info:    ... okay on input line 2.
LaTeX Font Info:    Checking defaults for OT1/cmr/m/n on input line 2.
LaTeX Font Info:    ... okay on input line 2.
LaTeX Font Info:    Checking defaults for OMS/cmsy/m/n on input line 2.
LaTeX Font Info:    ... okay on input line 2.
LaTeX Font Info:    Checking defaults for OMX/cmex/m/n on input line 2.
LaTeX Font Info:    ... okay on input line 2.
LaTeX Font Info:    Checking defaults for U/cmr/m/n on input line 2.
LaTeX Font Info:    ... okay on input line 2.
LaTeX Font Info:    Checking defaults for TS1/cmr/m/n on input line 2.
LaTeX Font Info:    Try loading font information for TS1+cmr on input line 2.
 (/usr/share/texlive/texmf-dist/tex/latex/base/ts1cmr.fd
File: ts1cmr.fd 2014/09/29 v2.5h Standard LaTeX font definitions
)
LaTeX Font Info:    ... okay on input line 2.
LaTeX Font Info:    Checking defaults for PD1/pdf/m/n on input line 2.
LaTeX Font Info:    ... okay on input line 2.
(/usr/share/texlive/texmf-dist/tex/context/base/supp-pdf.mkii
[Loading MPS to PDF converter (version 2006.09.02).]
\scratchcounter=\count271
\scratchdimen=\dimen181
\scratchbox=\box48
\nofMPsegments=\count272
\nofMParguments=\count273
\everyMPshowfont=\toks29
\MPscratchCnt=\count274
\MPscratchDim=\dimen182
\MPnumerator=\count275
\makeMPintoPDFobject=\count276
\everyMPtoPDFconversion=\toks30
) (/usr/share/texlive/texmf-dist/tex/latex/oberdiek/epstopdf-base.sty
Package: epstopdf-base 2010/02/09 v2.5 Base part for package epstopdf

(/usr/share/texlive/texmf-dist/tex/latex/oberdiek/grfext.sty
Package: grfext 2010/08/19 v1.1 Manage graphics extensions (HO)
)
Package grfext Info: Graphics extension search list:
(grfext)             [.png,.pdf,.jpg,.mps,.jpeg,.jbig2,.jb2,.PNG,.PDF,.JPG,.JPE
G,.JBIG2,.JB2,.eps]
(grfext)             \AppendGraphicsExtensions on input line 452.

(/usr/share/texlive/texmf-dist/tex/latex/latexconfig/epstopdf-sys.cfg
File: epstopdf-sys.cfg 2010/07/13 v1.3 Configuration of (r)epstopdf for TeX Liv
e
))
Package caption Info: Begin \AtBeginDocument code.
Package caption Info: float package is loaded.
Package caption Info: hyperref package is loaded.
Package caption Info: subfigure package is loaded.
Package caption Info: End \AtBeginDocument code.
\AtBeginShipoutBox=\box49
Package hyperref Info: Link coloring ON on input line 2.

(/usr/share/texlive/texmf-dist/tex/latex/hyperref/nameref.sty
Package: nameref 2012/10/27 v2.43 Cross-referencing by name of section

(/usr/share/texlive/texmf-dist/tex/generic/oberdiek/gettitlestring.sty
Package: gettitlestring 2010/12/03 v1.4 Cleanup title references (HO)
)
\c@section@level=\count277
)
LaTeX Info: Redefining \ref on input line 2.
LaTeX Info: Redefining \pageref on input line 2.
LaTeX Info: Redefining \nameref on input line 2.

(./main.out) (./main.out)
\@outlinefile=\write3
\openout3 = `main.out'.

.................................................
. chemgreek info: "mapping-activated"
. 
. Activating mapping `default' on line 2.
.................................................
 (./frontmatter/titlepage.tex
Package epstopdf Info: Source file: <figures/PROSPECT_logo.eps>
(epstopdf)                    date: 2018-06-07 13:09:00
(epstopdf)                    size: 626058 bytes
(epstopdf)             Output file: <figures/PROSPECT_logo-eps-converted-to.pdf
>
(epstopdf)                    date: 2018-10-18 10:15:23
(epstopdf)                    size: 22246 bytes
(epstopdf)             Command: <repstopdf --outfile=figures/PROSPECT_logo-eps-
converted-to.pdf figures/PROSPECT_logo.eps>
(epstopdf)             \includegraphics on input line 7.
Package epstopdf Info: Output file is already uptodate.


pdfTeX warning: /usr/bin/pdflatex (file ./figures/PROSPECT_logo-eps-converted-t
o.pdf): PDF inclusion: found PDF version <1.7>, but at most version <1.5> allow
ed
<figures/PROSPECT_logo-eps-converted-to.pdf, id=128, 887.315pt x 312.16624pt>
File: figures/PROSPECT_logo-eps-converted-to.pdf Graphic file (type pdf)

<use figures/PROSPECT_logo-eps-converted-to.pdf>
Package pdftex.def Info: figures/PROSPECT_logo-eps-converted-to.pdf used on inp
ut line 7.
(pdftex.def)             Requested size: 234.8775pt x 82.62839pt.
 [1

{/var/lib/texmf/fonts/map/pdftex/updmap/pdftex.map} <./figures/PROSPECT_logo-ep
s-converted-to.pdf>])pdfTeX warning (ext4): destination with the same identifie
r (name{page.1}) has been already used, duplicate ignored
<to be read again> 
                   \relax 
l.19 
      [1] [2] [3] [4] [5]
<./figures/../figures/distance_cut.pdf, id=191, 569.12625pt x 269.005pt>
File: ./figures/../figures/distance_cut.pdf Graphic file (type pdf)

<use ./figures/../figures/distance_cut.pdf>
Package pdftex.def Info: ./figures/../figures/distance_cut.pdf used on input li
ne 125.
(pdftex.def)             Requested size: 469.75502pt x 222.04678pt.
 [6] [7 <./figures/../figures/distance_cut.pdf, page is rotated 90 degrees>]
Underfull \hbox (badness 10000) in paragraph at lines 144--148

 []


Underfull \hbox (badness 10000) in paragraph at lines 149--154

 []

[8] <figures/PubBiPo212EvsCell.pdf, id=257, 569.12625pt x 128.48pt>
File: figures/PubBiPo212EvsCell.pdf Graphic file (type pdf)

<use figures/PubBiPo212EvsCell.pdf>
Package pdftex.def Info: figures/PubBiPo212EvsCell.pdf used on input line 160.
(pdftex.def)             Requested size: 493.2442pt x 111.3552pt.

Overfull \hbox (23.48918pt too wide) in paragraph at lines 160--161
 [][] 
 []

<figures/PubBiPo212EsmearvsCell.pdf, id=258, 569.12625pt x 128.48pt>
File: figures/PubBiPo212EsmearvsCell.pdf Graphic file (type pdf)

<use figures/PubBiPo212EsmearvsCell.pdf>
Package pdftex.def Info: figures/PubBiPo212EsmearvsCell.pdf used on input line 
165.
(pdftex.def)             Requested size: 493.2442pt x 111.3552pt.

Overfull \hbox (23.48918pt too wide) in paragraph at lines 165--166
 [][] 
 []

<figures/PubBiPo214EvsCell.pdf, id=259, 569.12625pt x 128.48pt>
File: figures/PubBiPo214EvsCell.pdf Graphic file (type pdf)

<use figures/PubBiPo214EvsCell.pdf>
Package pdftex.def Info: figures/PubBiPo214EvsCell.pdf used on input line 170.
(pdftex.def)             Requested size: 493.2442pt x 111.3552pt.

Overfull \hbox (23.48918pt too wide) in paragraph at lines 170--171
 [][] 
 []


LaTeX Warning: `!h' float specifier changed to `!ht'.

<figures/PubBiPo214EsmearvsCell.pdf, id=260, 569.12625pt x 128.48pt>
File: figures/PubBiPo214EsmearvsCell.pdf Graphic file (type pdf)

<use figures/PubBiPo214EsmearvsCell.pdf>
Package pdftex.def Info: figures/PubBiPo214EsmearvsCell.pdf used on input line 
175.
(pdftex.def)             Requested size: 493.2442pt x 111.3552pt.

Overfull \hbox (23.48918pt too wide) in paragraph at lines 175--176
 [][] 
 []


LaTeX Warning: `!h' float specifier changed to `!ht'.

[9 <./figures/PubBiPo212EvsCell.pdf, page is rotated 90 degrees> <./figures/Pub
BiPo212EsmearvsCell.pdf, page is rotated 90 degrees>] [10 <./figures/PubBiPo214
EvsCell.pdf, page is rotated 90 degrees> <./figures/PubBiPo214EsmearvsCell.pdf,
 page is rotated 90 degrees>]
<figures/PubBiPo212EresvsCell.pdf, id=446, 569.12625pt x 128.48pt>
File: figures/PubBiPo212EresvsCell.pdf Graphic file (type pdf)

<use figures/PubBiPo212EresvsCell.pdf>
Package pdftex.def Info: figures/PubBiPo212EresvsCell.pdf used on input line 18
5.
(pdftex.def)             Requested size: 493.2442pt x 111.3552pt.

Overfull \hbox (23.48918pt too wide) in paragraph at lines 185--186
 [][] 
 []

<figures/PubBiPo212EsmearresvsCell.pdf, id=447, 569.12625pt x 128.48pt>
File: figures/PubBiPo212EsmearresvsCell.pdf Graphic file (type pdf)

<use figures/PubBiPo212EsmearresvsCell.pdf>
Package pdftex.def Info: figures/PubBiPo212EsmearresvsCell.pdf used on input li
ne 190.
(pdftex.def)             Requested size: 493.2442pt x 111.3552pt.

Overfull \hbox (23.48918pt too wide) in paragraph at lines 190--191
 [][] 
 []

<figures/PubBiPo214EresvsCell.pdf, id=448, 569.12625pt x 128.48pt>
File: figures/PubBiPo214EresvsCell.pdf Graphic file (type pdf)

<use figures/PubBiPo214EresvsCell.pdf>
Package pdftex.def Info: figures/PubBiPo214EresvsCell.pdf used on input line 19
5.
(pdftex.def)             Requested size: 493.2442pt x 111.3552pt.

Overfull \hbox (23.48918pt too wide) in paragraph at lines 195--196
 [][] 
 []


LaTeX Warning: `!h' float specifier changed to `!ht'.

<figures/PubBiPo214EsmearresvsCell.pdf, id=449, 569.12625pt x 128.48pt>
File: figures/PubBiPo214EsmearresvsCell.pdf Graphic file (type pdf)

<use figures/PubBiPo214EsmearresvsCell.pdf>
Package pdftex.def Info: figures/PubBiPo214EsmearresvsCell.pdf used on input li
ne 200.
(pdftex.def)             Requested size: 493.2442pt x 111.3552pt.

Overfull \hbox (23.48918pt too wide) in paragraph at lines 200--201
 [][] 
 []


LaTeX Warning: `!h' float specifier changed to `!ht'.

[11

 <./figures/PubBiPo212EresvsCell.pdf, page is rotated 90 degrees> <./figures/Pu
bBiPo212EsmearresvsCell.pdf, page is rotated 90 degrees>] [12 <./figures/PubBiP
o214EresvsCell.pdf, page is rotated 90 degrees> <./figures/PubBiPo214Esmearresv
sCell.pdf, page is rotated 90 degrees>]
<figures/PubBiPo212dZWidthvsCell.pdf, id=636, 569.12625pt x 128.48pt>
File: figures/PubBiPo212dZWidthvsCell.pdf Graphic file (type pdf)

<use figures/PubBiPo212dZWidthvsCell.pdf>
Package pdftex.def Info: figures/PubBiPo212dZWidthvsCell.pdf used on input line
 209.
(pdftex.def)             Requested size: 493.2442pt x 111.3552pt.

Overfull \hbox (23.48918pt too wide) in paragraph at lines 209--210
 [][] 
 []

<figures/PubBiPo214dZWidthvsCell.pdf, id=637, 569.12625pt x 128.48pt>
File: figures/PubBiPo214dZWidthvsCell.pdf Graphic file (type pdf)

<use figures/PubBiPo214dZWidthvsCell.pdf>
Package pdftex.def Info: figures/PubBiPo214dZWidthvsCell.pdf used on input line
 214.
(pdftex.def)             Requested size: 493.2442pt x 111.3552pt.

Overfull \hbox (23.48918pt too wide) in paragraph at lines 214--215
 [][] 
 []

[13

 <./figures/PubBiPo212dZWidthvsCell.pdf, page is rotated 90 degrees> <./figures
/PubBiPo214dZWidthvsCell.pdf, page is rotated 90 degrees>]
<figures/PubBiPo212ZRMSvsCell.pdf, id=730, 569.12625pt x 128.48pt>
File: figures/PubBiPo212ZRMSvsCell.pdf Graphic file (type pdf)

<use figures/PubBiPo212ZRMSvsCell.pdf>
Package pdftex.def Info: figures/PubBiPo212ZRMSvsCell.pdf used on input line 22
3.
(pdftex.def)             Requested size: 493.2442pt x 111.3552pt.

Overfull \hbox (23.48918pt too wide) in paragraph at lines 223--224
 [][] 
 []

<figures/PubBiPo214ZRMSvsCell.pdf, id=731, 569.12625pt x 128.48pt>
File: figures/PubBiPo214ZRMSvsCell.pdf Graphic file (type pdf)

<use figures/PubBiPo214ZRMSvsCell.pdf>
Package pdftex.def Info: figures/PubBiPo214ZRMSvsCell.pdf used on input line 22
8.
(pdftex.def)             Requested size: 493.2442pt x 111.3552pt.

Overfull \hbox (23.48918pt too wide) in paragraph at lines 228--229
 [][] 
 []

[14

 <./figures/PubBiPo212ZRMSvsCell.pdf, page is rotated 90 degrees> <./figures/Pu
bBiPo214ZRMSvsCell.pdf, page is rotated 90 degrees>]
<figures/PubBiPo212meanZvsCell.pdf, id=825, 569.12625pt x 128.48pt>
File: figures/PubBiPo212meanZvsCell.pdf Graphic file (type pdf)

<use figures/PubBiPo212meanZvsCell.pdf>
Package pdftex.def Info: figures/PubBiPo212meanZvsCell.pdf used on input line 2
37.
(pdftex.def)             Requested size: 493.2442pt x 111.3552pt.

Overfull \hbox (23.48918pt too wide) in paragraph at lines 237--238
 [][] 
 []

<figures/PubBiPo214meanZvsCell.pdf, id=826, 569.12625pt x 128.48pt>
File: figures/PubBiPo214meanZvsCell.pdf Graphic file (type pdf)

<use figures/PubBiPo214meanZvsCell.pdf>
Package pdftex.def Info: figures/PubBiPo214meanZvsCell.pdf used on input line 2
42.
(pdftex.def)             Requested size: 493.2442pt x 111.3552pt.

Overfull \hbox (23.48918pt too wide) in paragraph at lines 242--243
 [][] 
 []

[15

 <./figures/PubBiPo212meanZvsCell.pdf, page is rotated 90 degrees> <./figures/P
ubBiPo214meanZvsCell.pdf, page is rotated 90 degrees>]
<figures/PubBiPo212EvsT.pdf, id=919, 569.12625pt x 128.48pt>
File: figures/PubBiPo212EvsT.pdf Graphic file (type pdf)

<use figures/PubBiPo212EvsT.pdf>
Package pdftex.def Info: figures/PubBiPo212EvsT.pdf used on input line 251.
(pdftex.def)             Requested size: 493.2442pt x 111.3552pt.

Overfull \hbox (23.48918pt too wide) in paragraph at lines 251--252
 [][] 
 []

<figures/PubBiPo212EsmearvsT.pdf, id=920, 569.12625pt x 128.48pt>
File: figures/PubBiPo212EsmearvsT.pdf Graphic file (type pdf)

<use figures/PubBiPo212EsmearvsT.pdf>
Package pdftex.def Info: figures/PubBiPo212EsmearvsT.pdf used on input line 256
.
(pdftex.def)             Requested size: 493.2442pt x 111.3552pt.

Overfull \hbox (23.48918pt too wide) in paragraph at lines 256--257
 [][] 
 []

[16

 <./figures/PubBiPo212EvsT.pdf, page is rotated 90 degrees> <./figures/PubBiPo2
12EsmearvsT.pdf, page is rotated 90 degrees>]
<figures/PubBiPo214EvsT.pdf, id=1013, 569.12625pt x 128.48pt>
File: figures/PubBiPo214EvsT.pdf Graphic file (type pdf)

<use figures/PubBiPo214EvsT.pdf>
Package pdftex.def Info: figures/PubBiPo214EvsT.pdf used on input line 263.
(pdftex.def)             Requested size: 493.2442pt x 111.3552pt.

Overfull \hbox (23.48918pt too wide) in paragraph at lines 263--264
 [][] 
 []

<figures/PubBiPo214EsmearvsT.pdf, id=1014, 569.12625pt x 128.48pt>
File: figures/PubBiPo214EsmearvsT.pdf Graphic file (type pdf)

<use figures/PubBiPo214EsmearvsT.pdf>
Package pdftex.def Info: figures/PubBiPo214EsmearvsT.pdf used on input line 268
.
(pdftex.def)             Requested size: 493.2442pt x 111.3552pt.

Overfull \hbox (23.48918pt too wide) in paragraph at lines 268--269
 [][] 
 []

[17 <./figures/PubBiPo214EvsT.pdf, page is rotated 90 degrees> <./figures/PubBi
Po214EsmearvsT.pdf, page is rotated 90 degrees>]
<figures/PubBiPo212EresvsT.pdf, id=1108, 569.12625pt x 128.48pt>
File: figures/PubBiPo212EresvsT.pdf Graphic file (type pdf)

<use figures/PubBiPo212EresvsT.pdf>
Package pdftex.def Info: figures/PubBiPo212EresvsT.pdf used on input line 277.
(pdftex.def)             Requested size: 493.2442pt x 111.3552pt.

Overfull \hbox (23.48918pt too wide) in paragraph at lines 277--278
 [][] 
 []

<figures/PubBiPo212EsmearresvsT.pdf, id=1109, 569.12625pt x 128.48pt>
File: figures/PubBiPo212EsmearresvsT.pdf Graphic file (type pdf)

<use figures/PubBiPo212EsmearresvsT.pdf>
Package pdftex.def Info: figures/PubBiPo212EsmearresvsT.pdf used on input line 
282.
(pdftex.def)             Requested size: 493.2442pt x 111.3552pt.

Overfull \hbox (23.48918pt too wide) in paragraph at lines 282--283
 [][] 
 []

[18 <./figures/PubBiPo212EresvsT.pdf, page is rotated 90 degrees> <./figures/Pu
bBiPo212EsmearresvsT.pdf, page is rotated 90 degrees>]
<figures/PubBiPo214EresvsT.pdf, id=1203, 569.12625pt x 128.48pt>
File: figures/PubBiPo214EresvsT.pdf Graphic file (type pdf)

<use figures/PubBiPo214EresvsT.pdf>
Package pdftex.def Info: figures/PubBiPo214EresvsT.pdf used on input line 289.
(pdftex.def)             Requested size: 493.2442pt x 111.3552pt.

Overfull \hbox (23.48918pt too wide) in paragraph at lines 289--290
 [][] 
 []

<figures/PubBiPo214EsmearresvsT.pdf, id=1204, 569.12625pt x 128.48pt>
File: figures/PubBiPo214EsmearresvsT.pdf Graphic file (type pdf)

<use figures/PubBiPo214EsmearresvsT.pdf>
Package pdftex.def Info: figures/PubBiPo214EsmearresvsT.pdf used on input line 
294.
(pdftex.def)             Requested size: 493.2442pt x 111.3552pt.

Overfull \hbox (23.48918pt too wide) in paragraph at lines 294--295
 [][] 
 []

[19

 <./figures/PubBiPo214EresvsT.pdf, page is rotated 90 degrees> <./figures/PubBi
Po214EsmearresvsT.pdf, page is rotated 90 degrees>]
<figures/PubBiPo212ZrmsvsT.pdf, id=1298, 569.12625pt x 128.48pt>
File: figures/PubBiPo212ZrmsvsT.pdf Graphic file (type pdf)

<use figures/PubBiPo212ZrmsvsT.pdf>
Package pdftex.def Info: figures/PubBiPo212ZrmsvsT.pdf used on input line 303.
(pdftex.def)             Requested size: 493.2442pt x 111.3552pt.

Overfull \hbox (23.48918pt too wide) in paragraph at lines 303--304
 [][] 
 []

<figures/PubBiPo214ZrmsvsT.pdf, id=1299, 569.12625pt x 128.48pt>
File: figures/PubBiPo214ZrmsvsT.pdf Graphic file (type pdf)

<use figures/PubBiPo214ZrmsvsT.pdf>
Package pdftex.def Info: figures/PubBiPo214ZrmsvsT.pdf used on input line 308.
(pdftex.def)             Requested size: 493.2442pt x 111.3552pt.

Overfull \hbox (23.48918pt too wide) in paragraph at lines 308--309
 [][] 
 []

[20

 <./figures/PubBiPo212ZrmsvsT.pdf, page is rotated 90 degrees> <./figures/PubBi
Po214ZrmsvsT.pdf, page is rotated 90 degrees>]
<figures/PubBiPo212ZresvsT.pdf, id=1392, 569.12625pt x 128.48pt>
File: figures/PubBiPo212ZresvsT.pdf Graphic file (type pdf)

<use figures/PubBiPo212ZresvsT.pdf>
Package pdftex.def Info: figures/PubBiPo212ZresvsT.pdf used on input line 316.
(pdftex.def)             Requested size: 493.2442pt x 111.3552pt.

Overfull \hbox (23.48918pt too wide) in paragraph at lines 316--317
 [][] 
 []

<figures/PubBiPo214ZresvsT.pdf, id=1393, 569.12625pt x 128.48pt>
File: figures/PubBiPo214ZresvsT.pdf Graphic file (type pdf)

<use figures/PubBiPo214ZresvsT.pdf>
Package pdftex.def Info: figures/PubBiPo214ZresvsT.pdf used on input line 321.
(pdftex.def)             Requested size: 493.2442pt x 111.3552pt.

Overfull \hbox (23.48918pt too wide) in paragraph at lines 321--322
 [][] 
 []

[21 <./figures/PubBiPo212ZresvsT.pdf, page is rotated 90 degrees> <./figures/Pu
bBiPo214ZresvsT.pdf, page is rotated 90 degrees>]
<figures/PubBiPo212AlphaE.pdf, id=1486, 569.12625pt x 407.5225pt>
File: figures/PubBiPo212AlphaE.pdf Graphic file (type pdf)

<use figures/PubBiPo212AlphaE.pdf>
Package pdftex.def Info: figures/PubBiPo212AlphaE.pdf used on input line 331.
(pdftex.def)             Requested size: 263.06166pt x 188.37048pt.

<figures/PubBiPo214AlphaE.pdf, id=1487, 569.12625pt x 407.5225pt>
File: figures/PubBiPo214AlphaE.pdf Graphic file (type pdf)

<use figures/PubBiPo214AlphaE.pdf>
Package pdftex.def Info: figures/PubBiPo214AlphaE.pdf used on input line 336.
(pdftex.def)             Requested size: 263.06166pt x 188.37048pt.
 [22 <./figures/PubBiPo212AlphaE.pdf, page is rotated 90 degrees> <./figures/Pu
bBiPo214AlphaE.pdf, page is rotated 90 degrees>] <figures/PubBiPo212BetaE.pdf, 
id=1581, 569.12625pt x 407.5225pt>
File: figures/PubBiPo212BetaE.pdf Graphic file (type pdf)

<use figures/PubBiPo212BetaE.pdf>
Package pdftex.def Info: figures/PubBiPo212BetaE.pdf used on input line 345.
(pdftex.def)             Requested size: 328.82707pt x 235.46777pt.

<figures/PubBiPo214BetaE.pdf, id=1582, 569.12625pt x 407.5225pt>
File: figures/PubBiPo214BetaE.pdf Graphic file (type pdf)

<use figures/PubBiPo214BetaE.pdf>
Package pdftex.def Info: figures/PubBiPo214BetaE.pdf used on input line 350.
(pdftex.def)             Requested size: 328.82707pt x 235.46777pt.
 [23

 <./figures/PubBiPo212BetaE.pdf, page is rotated 90 degrees> <./figures/PubBiPo
214BetaE.pdf, page is rotated 90 degrees>] <figures/PubBiPo212Zdistribution.pdf
, id=1675, 569.12625pt x 478.78876pt>
File: figures/PubBiPo212Zdistribution.pdf Graphic file (type pdf)

<use figures/PubBiPo212Zdistribution.pdf>
Package pdftex.def Info: figures/PubBiPo212Zdistribution.pdf used on input line
 359.
(pdftex.def)             Requested size: 281.85587pt x 237.12901pt.

<figures/PubBiPo214Zdistribution.pdf, id=1676, 569.12625pt x 478.78876pt>
File: figures/PubBiPo214Zdistribution.pdf Graphic file (type pdf)

<use figures/PubBiPo214Zdistribution.pdf>
Package pdftex.def Info: figures/PubBiPo214Zdistribution.pdf used on input line
 364.
(pdftex.def)             Requested size: 281.85587pt x 237.12901pt.
 [24

 <./figures/PubBiPo212Zdistribution.pdf, page is rotated 90 degrees> <./figures
/PubBiPo214Zdistribution.pdf, page is rotated 90 degrees>]
<figures/PubBiPo212dZ.pdf, id=1771, 569.12625pt x 478.78876pt>
File: figures/PubBiPo212dZ.pdf Graphic file (type pdf)

<use figures/PubBiPo212dZ.pdf>
Package pdftex.def Info: figures/PubBiPo212dZ.pdf used on input line 372.
(pdftex.def)             Requested size: 258.36668pt x 217.36703pt.

<figures/PubBiPo214dZ.pdf, id=1772, 569.12625pt x 478.78876pt>
File: figures/PubBiPo214dZ.pdf Graphic file (type pdf)

<use figures/PubBiPo214dZ.pdf>
Package pdftex.def Info: figures/PubBiPo214dZ.pdf used on input line 377.
(pdftex.def)             Requested size: 258.36668pt x 217.36703pt.
 [25 <./figures/PubBiPo212dZ.pdf, page is rotated 90 degrees> <./figures/PubBiP
o214dZ.pdf, page is rotated 90 degrees>]
<figures/BiPo212AlphaPSDvsE.pdf, id=1865, 569.12625pt x 407.5225pt>
File: figures/BiPo212AlphaPSDvsE.pdf Graphic file (type pdf)

<use figures/BiPo212AlphaPSDvsE.pdf>
Package pdftex.def Info: figures/BiPo212AlphaPSDvsE.pdf used on input line 390.

(pdftex.def)             Requested size: 328.82707pt x 235.46777pt.

<figures/BiPo214AlphaPSDvsE.pdf, id=1866, 569.12625pt x 407.5225pt>
File: figures/BiPo214AlphaPSDvsE.pdf Graphic file (type pdf)

<use figures/BiPo214AlphaPSDvsE.pdf>
Package pdftex.def Info: figures/BiPo214AlphaPSDvsE.pdf used on input line 395.

(pdftex.def)             Requested size: 328.82707pt x 235.46777pt.

<figures/BiPo212BetaPSDvsE.pdf, id=1867, 569.12625pt x 407.5225pt>
File: figures/BiPo212BetaPSDvsE.pdf Graphic file (type pdf)

<use figures/BiPo212BetaPSDvsE.pdf>
Package pdftex.def Info: figures/BiPo212BetaPSDvsE.pdf used on input line 400.
(pdftex.def)             Requested size: 328.82707pt x 235.46777pt.

<figures/BiPo214BetaPSDvsE.pdf, id=1868, 569.12625pt x 407.5225pt>
File: figures/BiPo214BetaPSDvsE.pdf Graphic file (type pdf)

<use figures/BiPo214BetaPSDvsE.pdf>
Package pdftex.def Info: figures/BiPo214BetaPSDvsE.pdf used on input line 405.
(pdftex.def)             Requested size: 328.82707pt x 235.46777pt.

<figures/BiPo212DeltaTSpectrum.pdf, id=1869, 569.12625pt x 407.5225pt>
File: figures/BiPo212DeltaTSpectrum.pdf Graphic file (type pdf)

<use figures/BiPo212DeltaTSpectrum.pdf>
Package pdftex.def Info: figures/BiPo212DeltaTSpectrum.pdf used on input line 4
10.
(pdftex.def)             Requested size: 328.82707pt x 235.46777pt.

<figures/BiPo214DeltaTSpectrum.pdf, id=1870, 569.12625pt x 407.5225pt>
File: figures/BiPo214DeltaTSpectrum.pdf Graphic file (type pdf)

<use figures/BiPo214DeltaTSpectrum.pdf>
Package pdftex.def Info: figures/BiPo214DeltaTSpectrum.pdf used on input line 4
17.
(pdftex.def)             Requested size: 328.82707pt x 235.46777pt.
 [26 <./figures/BiPo212AlphaPSDvsE.pdf, page is rotated 90 degrees> <./figures/
BiPo214AlphaPSDvsE.pdf, page is rotated 90 degrees>] [27 <./figures/BiPo212Beta
PSDvsE.pdf, page is rotated 90 degrees> <./figures/BiPo214BetaPSDvsE.pdf, page 
is rotated 90 degrees>] [28 <./figures/BiPo212DeltaTSpectrum.pdf, page is rotat
ed 90 degrees> <./figures/BiPo214DeltaTSpectrum.pdf, page is rotated 90 degrees
>]
<figures/BiPo1HeatMap.pdf, id=2142, 569.12625pt x 407.5225pt>
File: figures/BiPo1HeatMap.pdf Graphic file (type pdf)

<use figures/BiPo1HeatMap.pdf>
Package pdftex.def Info: figures/BiPo1HeatMap.pdf used on input line 426.
(pdftex.def)             Requested size: 375.80544pt x 269.10869pt.

<figures/BiPo0HeatMap.pdf, id=2143, 569.12625pt x 407.5225pt>
File: figures/BiPo0HeatMap.pdf Graphic file (type pdf)

<use figures/BiPo0HeatMap.pdf>
Package pdftex.def Info: figures/BiPo0HeatMap.pdf used on input line 433.
(pdftex.def)             Requested size: 375.80544pt x 269.10869pt.


LaTeX Warning: Text page 29 contains only floats.


Overfull \vbox (2.78734pt too high) has occurred while \output is active []


[29

 <./figures/BiPo1HeatMap.pdf, page is rotated 90 degrees> <./figures/BiPo0HeatM
ap.pdf, page is rotated 90 degrees>]
No file main.bbl.

FiXme Summary: Number of notes: 0,
(FiXme)        Number of warnings: 0,
(FiXme)        Number of errors: 0,
(FiXme)        Number of fatal errors: 0,
(FiXme)        Total: 0.

Package atveryend Info: Empty hook `BeforeClearDocument' on input line 446.
[30

]
Package atveryend Info: Empty hook `AfterLastShipout' on input line 446.
 (./main.aux)
Package atveryend Info: Executing hook `AtVeryEndDocument' on input line 446.
Package atveryend Info: Executing hook `AtEndAfterFileList' on input line 446.
Package rerunfilecheck Info: File `main.out' has not changed.
(rerunfilecheck)             Checksum: 4555E81760C5F22DB75366ADEE2097BA;2349.
Package atveryend Info: Empty hook `AtVeryVeryEnd' on input line 446.
 ) 
Here is how much of TeX's memory you used:
 18942 strings out of 493029
 347225 string characters out of 6136233
 454376 words of memory out of 5000000
 22084 multiletter control sequences out of 15000+600000
 10205 words of font info for 36 fonts, out of 8000000 for 9000
 1141 hyphenation exceptions out of 8191
 43i,16n,77p,10453b,451s stack positions out of 5000i,500n,10000p,200000b,80000s
{/usr/share/texmf/fonts/enc/dvips/cm-super/cm-super-ts1.enc}</usr/share/texli
ve/texmf-dist/fonts/type1/public/amsfonts/cm/cmbx12.pfb></usr/share/texlive/tex
mf-dist/fonts/type1/public/amsfonts/cm/cmex10.pfb></usr/share/texlive/texmf-dis
t/fonts/type1/public/amsfonts/cm/cmmi12.pfb></usr/share/texlive/texmf-dist/font
s/type1/public/amsfonts/cm/cmmi8.pfb></usr/share/texlive/texmf-dist/fonts/type1
/public/amsfonts/cm/cmr12.pfb></usr/share/texlive/texmf-dist/fonts/type1/public
/amsfonts/cm/cmr8.pfb></usr/share/texlive/texmf-dist/fonts/type1/public/amsfont
s/cm/cmsy10.pfb></usr/share/texlive/texmf-dist/fonts/type1/public/amsfonts/cm/c
mti12.pfb></usr/share/texmf/fonts/type1/public/cm-super/sfrm1200.pfb>
Output written on main.pdf (31 pages, 1728929 bytes).
PDF statistics:
 2301 PDF objects out of 2487 (max. 8388607)
 1128 compressed objects within 12 object streams
 120 named destinations out of 1000 (max. 500000)
 469 words of extra memory for PDF output out of 10000 (max. 10000000)

