\BOOKMARK [1][-]{section.1}{Plot Description}{}% 1
\BOOKMARK [2][-]{subsection.1.1}{Description of BiPo events in the AD}{section.1}% 2
\BOOKMARK [2][-]{subsection.1.2}{Plots details}{section.1}% 3
\BOOKMARK [2][-]{subsection.1.3}{Message being conveyed by the plots}{section.1}% 4
\BOOKMARK [1][-]{section.2}{Data Set}{}% 5
\BOOKMARK [2][-]{subsection.2.1}{Production version}{section.2}% 6
\BOOKMARK [2][-]{subsection.2.2}{Run statistics and information}{section.2}% 7
\BOOKMARK [2][-]{subsection.2.3}{Location of data}{section.2}% 8
\BOOKMARK [1][-]{section.3}{Event selection and cuts}{}% 9
\BOOKMARK [2][-]{subsection.3.1}{Plugin-level cuts}{section.3}% 10
\BOOKMARK [2][-]{subsection.3.2}{Analysis-level cuts}{section.3}% 11
\BOOKMARK [1][-]{section.4}{Software}{}% 12
\BOOKMARK [2][-]{subsection.4.1}{Code used to generate plots}{section.4}% 13
\BOOKMARK [2][-]{subsection.4.2}{Github repository information}{section.4}% 14
\BOOKMARK [1][-]{section.5}{Plots of interest}{}% 15
\BOOKMARK [2][-]{subsection.5.1}{Energy versus segment plots}{section.5}% 16
\BOOKMARK [2][-]{subsection.5.2}{Energy resolution versus segment plots}{section.5}% 17
\BOOKMARK [2][-]{subsection.5.3}{Z-position resolution versus segment plots}{section.5}% 18
\BOOKMARK [2][-]{subsection.5.4}{Z-distribution RMS width versus segment plots}{section.5}% 19
\BOOKMARK [2][-]{subsection.5.5}{Z-position distribution mean versus segment plots}{section.5}% 20
\BOOKMARK [2][-]{subsection.5.6}{Energy versus time plots}{section.5}% 21
\BOOKMARK [2][-]{subsection.5.7}{Energy resolution versus time plots}{section.5}% 22
\BOOKMARK [2][-]{subsection.5.8}{Z-distribution RMS width versus time plots}{section.5}% 23
\BOOKMARK [2][-]{subsection.5.9}{Z-position resolution versus time plots}{section.5}% 24
\BOOKMARK [2][-]{subsection.5.10}{Whole detector alpha energy spectrum}{section.5}% 25
\BOOKMARK [2][-]{subsection.5.11}{Whole detector beta energy spectrum}{section.5}% 26
\BOOKMARK [2][-]{subsection.5.12}{Whole detector Po alpha Z-position distribution}{section.5}% 27
\BOOKMARK [2][-]{subsection.5.13}{Whole detector BiPo dZ distribution}{section.5}% 28
\BOOKMARK [1][-]{section.6}{Supplementary plots}{}% 29
\BOOKMARK [1][-]{section.7}{Supporting Documentation}{}% 30
\BOOKMARK [2][-]{subsection.7.1}{Links to any past DocDB entries related to the plot:}{section.7}% 31
